2026/04/10 14:37:32 Database initialized
2026/04/10 14:37:32 Docker client connected
2026/04/10 14:37:32 Planshark starting on :8080
2026/04/10 14:37:32 Data directory: ./data
2026/04/10 14:37:34 "GET http://localhost:8080/api/v1/gateways HTTP/1.1" from [::1]:45956 - 200 3B in 423.799µs
2026/04/10 14:37:37 "POST http://localhost:8080/api/v1/gateways HTTP/1.1" from [::1]:45960 - 201 241B in 8.77958ms
2026/04/10 14:37:40 "POST http://localhost:8080/api/v1/agents HTTP/1.1" from [::1]:55128 - 201 255B in 12.886684ms
2026/04/10 14:37:43 "GET http://localhost:8080/api/v1/agents/0e765036-a628-4e1e-bf40-5b195432bcfd/config HTTP/1.1" from [::1]:55134 - 200 345B in 292.803µs
2026/04/10 14:43:38 "GET http://localhost:8080/api/v1/agents HTTP/1.1" from [::1]:57816 - 200 205B in 386.588µs
2026/04/10 14:43:38 "GET http://localhost:8080/api/v1/gateways HTTP/1.1" from [::1]:57832 - 200 278B in 316.359µs
2026/04/10 14:43:38 "GET http://localhost:8080/api/v1/stats HTTP/1.1" from [::1]:57840 - 200 179B in 689.419µs
2026/04/10 14:43:38 "GET http://localhost:8080/api/v1/agents HTTP/1.1" from [::1]:57856 - 200 205B in 1.142453ms
2026/04/10 14:43:38 "GET http://localhost:8080/api/v1/gateways HTTP/1.1" from [::1]:57878 - 200 278B in 1.112155ms
2026/04/10 14:43:38 "GET http://localhost:8080/api/v1/stats HTTP/1.1" from [::1]:57864 - 200 179B in 2.471733ms
2026/04/10 14:43:43 "GET http://localhost:8080/api/v1/agents HTTP/1.1" from [::1]:56370 - 200 205B in 267.394µs
2026/04/10 14:43:43 "GET http://localhost:8080/api/v1/stats HTTP/1.1" from [::1]:56386 - 200 179B in 530.009µs
2026/04/10 14:43:45 "POST http://localhost:8080/api/v1/agents/0e765036-a628-4e1e-bf40-5b195432bcfd/start HTTP/1.1" from [::1]:56390 - 500 53B in 28.606658ms
2026/04/10 14:43:47 "POST http://localhost:8080/api/v1/agents/0e765036-a628-4e1e-bf40-5b195432bcfd/start HTTP/1.1" from [::1]:56394 - 500 53B in 1.447753ms
2026/04/10 14:43:48 "GET http://localhost:8080/api/v1/agents HTTP/1.1" from [::1]:56408 - 200 205B in 324.896µs
2026/04/10 14:43:48 "GET http://localhost:8080/api/v1/stats HTTP/1.1" from [::1]:56412 - 200 179B in 525.625µs
2026/04/10 14:43:53 "GET http://localhost:8080/api/v1/agents HTTP/1.1" from [::1]:38812 - 200 205B in 299.095µs
2026/04/10 14:43:53 "GET http://localhost:8080/api/v1/stats HTTP/1.1" from [::1]:38818 - 200 179B in 756.333µs
2026/04/10 14:43:57 "DELETE http://localhost:8080/api/v1/gateways/1de952a0-41c8-4f1d-ab7b-8ae225b4e67a HTTP/1.1" from [::1]:38834 - 204 0B in 6.837345ms
2026/04/10 14:43:57 "GET http://localhost:8080/api/v1/gateways HTTP/1.1" from [::1]:38844 - 200 3B in 218.171µs
2026/04/10 14:43:57 "GET http://localhost:8080/api/v1/stats HTTP/1.1" from [::1]:38856 - 200 179B in 1.236864ms
2026/04/10 14:43:58 "GET http://localhost:8080/api/v1/agents HTTP/1.1" from [::1]:38860 - 200 205B in 296.515µs
2026/04/10 14:43:58 "GET http://localhost:8080/api/v1/stats HTTP/1.1" from [::1]:38864 - 200 179B in 464.619µs
2026/04/10 14:44:03 "GET http://localhost:8080/api/v1/agents HTTP/1.1" from [::1]:47600 - 200 205B in 303.737µs
2026/04/10 14:44:03 "GET http://localhost:8080/api/v1/stats HTTP/1.1" from [::1]:47606 - 200 179B in 508.836µs
2026/04/10 14:44:08 "GET http://localhost:8080/api/v1/agents HTTP/1.1" from [::1]:47616 - 200 205B in 276.354µs
2026/04/10 14:44:08 "GET http://localhost:8080/api/v1/stats HTTP/1.1" from [::1]:47624 - 200 179B in 484.465µs
2026/04/10 14:44:13 "GET http://localhost:8080/api/v1/agents HTTP/1.1" from [::1]:43456 - 200 205B in 231.472µs
2026/04/10 14:44:13 "GET http://localhost:8080/api/v1/stats HTTP/1.1" from [::1]:43466 - 200 179B in 452.739µs
2026/04/10 14:44:18 "GET http://localhost:8080/api/v1/agents HTTP/1.1" from [::1]:43470 - 200 205B in 257.086µs
2026/04/10 14:44:18 "GET http://localhost:8080/api/v1/stats HTTP/1.1" from [::1]:43476 - 200 179B in 473.558µs
2026/04/10 14:44:23 "GET http://localhost:8080/api/v1/agents HTTP/1.1" from [::1]:33840 - 200 205B in 235.694µs
2026/04/10 14:44:23 "GET http://localhost:8080/api/v1/stats HTTP/1.1" from [::1]:33842 - 200 179B in 614.195µs
2026/04/10 14:44:28 "GET http://localhost:8080/api/v1/agents HTTP/1.1" from [::1]:33848 - 200 205B in 228.254µs
2026/04/10 14:44:28 "GET http://localhost:8080/api/v1/stats HTTP/1.1" from [::1]:33864 - 200 179B in 476.896µs
2026/04/10 14:44:31 "POST http://localhost:8080/api/v1/gateways HTTP/1.1" from [::1]:34586 - 201 248B in 6.953388ms
2026/04/10 14:44:31 "GET http://localhost:8080/api/v1/gateways HTTP/1.1" from [::1]:34598 - 200 285B in 251.293µs
2026/04/10 14:44:31 "GET http://localhost:8080/api/v1/stats HTTP/1.1" from [::1]:34604 - 200 179B in 471.566µs
2026/04/10 14:44:33 "GET http://localhost:8080/api/v1/agents HTTP/1.1" from [::1]:34610 - 200 205B in 251.07µs
2026/04/10 14:44:33 "GET http://localhost:8080/api/v1/stats HTTP/1.1" from [::1]:34608 - 200 179B in 1.326556ms
2026/04/10 14:44:35 "DELETE http://localhost:8080/api/v1/agents/0e765036-a628-4e1e-bf40-5b195432bcfd HTTP/1.1" from [::1]:34620 - 204 0B in 6.772999ms
2026/04/10 14:44:35 "GET http://localhost:8080/api/v1/agents HTTP/1.1" from [::1]:34636 - 200 5B in 180.511µs
2026/04/10 14:44:35 "GET http://localhost:8080/api/v1/stats HTTP/1.1" from [::1]:34640 - 200 179B in 426.503µs
2026/04/10 14:44:37 "GET http://localhost:8080/api/v1/agents HTTP/1.1" from [::1]:34642 - 200 5B in 281.973µs
2026/04/10 14:44:37 "GET http://localhost:8080/api/v1/gateways HTTP/1.1" from [::1]:34662 - 200 285B in 256.494µs
2026/04/10 14:44:37 "GET http://localhost:8080/api/v1/stats HTTP/1.1" from [::1]:34648 - 200 179B in 798.789µs
2026/04/10 14:44:37 "GET http://localhost:8080/api/v1/agents HTTP/1.1" from [::1]:34664 - 200 5B in 211.249µs
2026/04/10 14:44:37 "GET http://localhost:8080/api/v1/gateways HTTP/1.1" from [::1]:34678 - 200 285B in 324.767µs
2026/04/10 14:44:37 "GET http://localhost:8080/api/v1/stats HTTP/1.1" from [::1]:34684 - 200 179B in 2.230694ms
2026/04/10 14:44:37 "GET http://localhost:8080/api/v1/agents HTTP/1.1" from [::1]:34700 - 200 5B in 1.466121ms
2026/04/10 14:44:37 "GET http://localhost:8080/api/v1/stats HTTP/1.1" from [::1]:34704 - 200 179B in 1.71952ms
2026/04/10 14:44:37 "GET http://localhost:8080/api/v1/gateways HTTP/1.1" from [::1]:34702 - 200 285B in 1.757142ms
2026/04/10 14:44:37 "GET http://localhost:8080/api/v1/agents HTTP/1.1" from [::1]:34718 - 200 5B in 247.542µs
2026/04/10 14:44:37 "GET http://localhost:8080/api/v1/stats HTTP/1.1" from [::1]:34730 - 200 179B in 839.801µs
2026/04/10 14:44:37 "GET http://localhost:8080/api/v1/gateways HTTP/1.1" from [::1]:34732 - 200 285B in 251.151µs
2026/04/10 14:44:39 "GET http://localhost:8080/api/v1/agents HTTP/1.1" from [::1]:34734 - 200 5B in 252.517µs
2026/04/10 14:44:39 "GET http://localhost:8080/api/v1/gateways HTTP/1.1" from [::1]:34740 - 200 285B in 327.615µs
2026/04/10 14:44:39 "GET http://localhost:8080/api/v1/agents HTTP/1.1" from [::1]:34748 - 200 5B in 211.295µs
2026/04/10 14:44:39 "GET http://localhost:8080/api/v1/stats HTTP/1.1" from [::1]:34742 - 200 179B in 640.417µs
2026/04/10 14:44:39 "GET http://localhost:8080/api/v1/gateways HTTP/1.1" from [::1]:34758 - 200 285B in 322.389µs
2026/04/10 14:44:39 "GET http://localhost:8080/api/v1/stats HTTP/1.1" from [::1]:34764 - 200 179B in 529.655µs
2026/04/10 14:44:40 "GET http://localhost:8080/api/v1/agents HTTP/1.1" from [::1]:34342 - 200 5B in 238.323µs
2026/04/10 14:44:40 "GET http://localhost:8080/api/v1/gateways HTTP/1.1" from [::1]:34354 - 200 285B in 339.246µs
2026/04/10 14:44:40 "GET http://localhost:8080/api/v1/stats HTTP/1.1" from [::1]:34362 - 200 179B in 555.039µs
2026/04/10 14:44:40 "GET http://localhost:8080/api/v1/agents HTTP/1.1" from [::1]:34364 - 200 5B in 248.88µs
2026/04/10 14:44:40 "GET http://localhost:8080/api/v1/gateways HTTP/1.1" from [::1]:34380 - 200 285B in 310.912µs
2026/04/10 14:44:40 "GET http://localhost:8080/api/v1/stats HTTP/1.1" from [::1]:34394 - 200 179B in 436.287µs
2026/04/10 14:44:40 "GET http://localhost:8080/api/v1/agents HTTP/1.1" from [::1]:34400 - 200 5B in 260.17µs
2026/04/10 14:44:40 "GET http://localhost:8080/api/v1/gateways HTTP/1.1" from [::1]:34412 - 200 285B in 340.1µs
2026/04/10 14:44:40 "GET http://localhost:8080/api/v1/stats HTTP/1.1" from [::1]:34420 - 200 179B in 539.473µs
2026/04/10 14:44:40 "GET http://localhost:8080/api/v1/agents HTTP/1.1" from [::1]:34428 - 200 5B in 172.466µs
2026/04/10 14:44:40 "GET http://localhost:8080/api/v1/gateways HTTP/1.1" from [::1]:34432 - 200 285B in 311.636µs
2026/04/10 14:44:40 "GET http://localhost:8080/api/v1/stats HTTP/1.1" from [::1]:34438 - 200 179B in 520.972µs
2026/04/10 14:44:40 "GET http://localhost:8080/api/v1/agents HTTP/1.1" from [::1]:34446 - 200 5B in 228.309µs
2026/04/10 14:44:40 "GET http://localhost:8080/api/v1/stats HTTP/1.1" from [::1]:34468 - 200 179B in 529.21µs
2026/04/10 14:44:40 "GET http://localhost:8080/api/v1/gateways HTTP/1.1" from [::1]:34452 - 200 285B in 337.252µs
2026/04/10 14:44:40 "GET http://localhost:8080/api/v1/agents HTTP/1.1" from [::1]:34482 - 200 5B in 194.787µs
2026/04/10 14:44:40 "GET http://localhost:8080/api/v1/stats HTTP/1.1" from [::1]:34498 - 200 179B in 488.599µs
2026/04/10 14:44:40 "GET http://localhost:8080/api/v1/gateways HTTP/1.1" from [::1]:34506 - 200 285B in 236.441µs
2026/04/10 14:44:41 "GET http://localhost:8080/api/v1/agents HTTP/1.1" from [::1]:34520 - 200 5B in 238.006µs
2026/04/10 14:44:41 "GET http://localhost:8080/api/v1/gateways HTTP/1.1" from [::1]:34532 - 200 285B in 332.294µs
2026/04/10 14:44:41 "GET http://localhost:8080/api/v1/agents HTTP/1.1" from [::1]:34540 - 200 5B in 574.784µs
2026/04/10 14:44:41 "GET http://localhost:8080/api/v1/stats HTTP/1.1" from [::1]:34534 - 200 179B in 1.019903ms
2026/04/10 14:44:41 "GET http://localhost:8080/api/v1/gateways HTTP/1.1" from [::1]:34548 - 200 285B in 288.539µs
2026/04/10 14:44:41 "GET http://localhost:8080/api/v1/stats HTTP/1.1" from [::1]:34564 - 200 179B in 604.999µs
2026/04/10 14:44:41 "GET http://localhost:8080/api/v1/agents HTTP/1.1" from [::1]:34572 - 200 5B in 240.399µs
2026/04/10 14:44:41 "GET http://localhost:8080/api/v1/gateways HTTP/1.1" from [::1]:34586 - 200 285B in 292.322µs
2026/04/10 14:44:41 "GET http://localhost:8080/api/v1/stats HTTP/1.1" from [::1]:34588 - 200 179B in 683.936µs
2026/04/10 14:44:41 "GET http://localhost:8080/api/v1/agents HTTP/1.1" from [::1]:34598 - 200 5B in 252.969µs
2026/04/10 14:44:41 "GET http://localhost:8080/api/v1/gateways HTTP/1.1" from [::1]:34608 - 200 285B in 350.925µs
2026/04/10 14:44:41 "GET http://localhost:8080/api/v1/stats HTTP/1.1" from [::1]:34612 - 200 179B in 485.175µs
2026/04/10 14:44:42 "GET http://localhost:8080/api/v1/agents HTTP/1.1" from [::1]:34628 - 200 5B in 186.541µs
2026/04/10 14:44:42 "GET http://localhost:8080/api/v1/gateways HTTP/1.1" from [::1]:34636 - 200 285B in 306.372µs
2026/04/10 14:44:42 "GET http://localhost:8080/api/v1/agents HTTP/1.1" from [::1]:34658 - 200 5B in 448.619µs
2026/04/10 14:44:42 "GET http://localhost:8080/api/v1/stats HTTP/1.1" from [::1]:34650 - 200 179B in 2.282575ms
2026/04/10 14:44:42 "GET http://localhost:8080/api/v1/gateways HTTP/1.1" from [::1]:34674 - 200 285B in 317.771µs
2026/04/10 14:44:42 "GET http://localhost:8080/api/v1/stats HTTP/1.1" from [::1]:34676 - 200 179B in 605.254µs
2026/04/10 14:44:45 "GET http://localhost:8080/api/v1/agents HTTP/1.1" from [::1]:34682 - 200 5B in 239.25µs
2026/04/10 14:44:45 "GET http://localhost:8080/api/v1/gateways HTTP/1.1" from [::1]:34694 - 200 285B in 267.531µs
2026/04/10 14:44:45 "GET http://localhost:8080/api/v1/stats HTTP/1.1" from [::1]:34710 - 200 179B in 573.41µs
2026/04/10 14:44:45 "GET http://localhost:8080/api/v1/agents HTTP/1.1" from [::1]:34720 - 200 5B in 235.916µs
2026/04/10 14:44:45 "GET http://localhost:8080/api/v1/gateways HTTP/1.1" from [::1]:34728 - 200 285B in 332.058µs
2026/04/10 14:44:45 "GET http://localhost:8080/api/v1/stats HTTP/1.1" from [::1]:34742 - 200 179B in 635.047µs
2026/04/10 14:51:52 "GET http://localhost:8080/api/v1/agents HTTP/1.1" from [::1]:38056 - 200 5B in 334.148µs
2026/04/10 14:51:52 "GET http://localhost:8080/api/v1/gateways HTTP/1.1" from [::1]:38064 - 200 285B in 973.278µs
2026/04/10 14:51:52 "GET http://localhost:8080/api/v1/stats HTTP/1.1" from [::1]:38076 - 200 179B in 539.896µs
2026/04/10 14:51:52 "GET http://localhost:8080/api/v1/agents HTTP/1.1" from [::1]:38090 - 200 5B in 382µs
2026/04/10 14:51:52 "GET http://localhost:8080/api/v1/stats HTTP/1.1" from [::1]:38100 - 200 179B in 1.495568ms
2026/04/10 14:51:52 "GET http://localhost:8080/api/v1/gateways HTTP/1.1" from [::1]:38110 - 200 285B in 322.972µs
2026/04/10 14:52:02 "GET http://localhost:8080/api/v1/gateways HTTP/1.1" from [::1]:52272 - 200 285B in 335.346µs
2026/04/10 14:52:02 "GET http://localhost:8080/api/v1/stats HTTP/1.1" from [::1]:52284 - 200 179B in 476.178µs
2026/04/10 14:52:02 "GET http://localhost:8080/api/v1/agents HTTP/1.1" from [::1]:52268 - 200 5B in 182.985µs
2026/04/10 14:52:02 "GET http://localhost:8080/api/v1/gateways HTTP/1.1" from [::1]:52292 - 200 285B in 308.709µs
2026/04/10 14:52:02 "GET http://localhost:8080/api/v1/agents HTTP/1.1" from [::1]:52308 - 200 5B in 236.421µs
2026/04/10 14:52:02 "GET http://localhost:8080/api/v1/stats HTTP/1.1" from [::1]:52302 - 200 179B in 523.503µs
2026/04/10 14:52:08 "GET http://localhost:8080/api/v1/agents HTTP/1.1" from [::1]:52314 - 200 5B in 217.37µs
2026/04/10 14:52:08 "GET http://localhost:8080/api/v1/gateways HTTP/1.1" from [::1]:52324 - 200 285B in 228.55µs
2026/04/10 14:52:08 "GET http://localhost:8080/api/v1/stats HTTP/1.1" from [::1]:52332 - 200 179B in 994.229µs
2026/04/10 14:52:08 "GET http://localhost:8080/api/v1/agents HTTP/1.1" from [::1]:52342 - 200 5B in 220.469µs
2026/04/10 14:52:08 "GET http://localhost:8080/api/v1/gateways HTTP/1.1" from [::1]:52352 - 200 285B in 318.077µs
2026/04/10 14:52:08 "GET http://localhost:8080/api/v1/stats HTTP/1.1" from [::1]:52354 - 200 179B in 877.382µs
2026/04/10 14:52:08 "GET http://localhost:8080/api/v1/agents HTTP/1.1" from [::1]:52360 - 200 5B in 167.287µs
2026/04/10 14:52:08 "GET http://localhost:8080/api/v1/gateways HTTP/1.1" from [::1]:52374 - 200 285B in 313.38µs
2026/04/10 14:52:08 "GET http://localhost:8080/api/v1/stats HTTP/1.1" from [::1]:52386 - 200 179B in 569.126µs
2026/04/10 14:52:09 "GET http://localhost:8080/api/v1/agents HTTP/1.1" from [::1]:52392 - 200 5B in 243.505µs
2026/04/10 14:52:09 "GET http://localhost:8080/api/v1/gateways HTTP/1.1" from [::1]:52406 - 200 285B in 385.157µs
2026/04/10 14:52:09 "GET http://localhost:8080/api/v1/stats HTTP/1.1" from [::1]:52414 - 200 179B in 531.704µs
2026/04/10 14:52:09 "GET http://localhost:8080/api/v1/agents HTTP/1.1" from [::1]:52418 - 200 5B in 285.521µs
2026/04/10 14:52:09 "GET http://localhost:8080/api/v1/gateways HTTP/1.1" from [::1]:52430 - 200 285B in 298.713µs
2026/04/10 14:52:09 "GET http://localhost:8080/api/v1/stats HTTP/1.1" from [::1]:52436 - 200 179B in 538.817µs
2026/04/10 14:52:10 "GET http://localhost:8080/api/v1/agents HTTP/1.1" from [::1]:33198 - 200 5B in 236.291µs
2026/04/10 14:52:10 "GET http://localhost:8080/api/v1/gateways HTTP/1.1" from [::1]:33204 - 200 285B in 295.985µs
2026/04/10 14:52:10 "GET http://localhost:8080/api/v1/stats HTTP/1.1" from [::1]:33206 - 200 179B in 567.049µs
2026/04/10 14:52:10 "GET http://localhost:8080/api/v1/agents HTTP/1.1" from [::1]:33212 - 200 5B in 220.374µs
2026/04/10 14:52:10 "GET http://localhost:8080/api/v1/gateways HTTP/1.1" from [::1]:33226 - 200 285B in 344.18µs
2026/04/10 14:52:10 "GET http://localhost:8080/api/v1/stats HTTP/1.1" from [::1]:33240 - 200 179B in 591.196µs
2026/04/10 14:52:12 "GET http://localhost:8080/api/v1/agents HTTP/1.1" from [::1]:33244 - 200 5B in 300.807µs
2026/04/10 14:52:12 "GET http://localhost:8080/api/v1/gateways HTTP/1.1" from [::1]:33260 - 200 285B in 341.388µs
2026/04/10 14:52:12 "GET http://localhost:8080/api/v1/stats HTTP/1.1" from [::1]:33270 - 200 179B in 670.039µs
2026/04/10 14:52:12 "GET http://localhost:8080/api/v1/agents HTTP/1.1" from [::1]:33274 - 200 5B in 154.056µs
2026/04/10 14:52:12 "GET http://localhost:8080/api/v1/gateways HTTP/1.1" from [::1]:33284 - 200 285B in 355.956µs
2026/04/10 14:52:12 "GET http://localhost:8080/api/v1/stats HTTP/1.1" from [::1]:33292 - 200 179B in 513.227µs
2026/04/10 14:53:13 "GET http://localhost:8080/api/v1/agents HTTP/1.1" from [::1]:56386 - 200 5B in 239.061µs
2026/04/10 14:53:13 "GET http://localhost:8080/api/v1/gateways HTTP/1.1" from [::1]:56388 - 200 285B in 344.519µs
2026/04/10 14:53:13 "GET http://localhost:8080/api/v1/stats HTTP/1.1" from [::1]:56396 - 200 179B in 630.722µs
2026/04/10 14:53:13 "GET http://localhost:8080/api/v1/agents HTTP/1.1" from [::1]:56398 - 200 5B in 307.55µs
2026/04/10 14:53:13 "GET http://localhost:8080/api/v1/gateways HTTP/1.1" from [::1]:56412 - 200 285B in 661.544µs
2026/04/10 14:53:13 "GET http://localhost:8080/api/v1/stats HTTP/1.1" from [::1]:56422 - 200 179B in 565.114µs
2026/04/10 14:53:14 "GET http://localhost:8080/api/v1/agents HTTP/1.1" from [::1]:56426 - 200 5B in 251.584µs
2026/04/10 14:53:14 "GET http://localhost:8080/api/v1/stats HTTP/1.1" from [::1]:56436 - 200 179B in 608.117µs
2026/04/10 14:53:14 "GET http://localhost:8080/api/v1/gateways HTTP/1.1" from [::1]:56448 - 200 285B in 294.731µs
2026/04/10 14:53:14 "GET http://localhost:8080/api/v1/agents HTTP/1.1" from [::1]:56452 - 200 5B in 269.587µs
2026/04/10 14:53:14 "GET http://localhost:8080/api/v1/gateways HTTP/1.1" from [::1]:56468 - 200 285B in 340.713µs
2026/04/10 14:53:14 "GET http://localhost:8080/api/v1/stats HTTP/1.1" from [::1]:56478 - 200 179B in 521.304µs
2026/04/10 14:54:35 "GET http://localhost:8080/api/v1/agents HTTP/1.1" from [::1]:59088 - 200 5B in 236.27µs
2026/04/10 14:54:35 "GET http://localhost:8080/api/v1/gateways HTTP/1.1" from [::1]:59090 - 200 285B in 326.177µs
2026/04/10 14:54:35 "GET http://localhost:8080/api/v1/stats HTTP/1.1" from [::1]:59100 - 200 179B in 803.756µs
2026/04/10 14:54:35 "GET http://localhost:8080/api/v1/agents HTTP/1.1" from [::1]:59106 - 200 5B in 282.841µs
2026/04/10 14:54:35 "GET http://localhost:8080/api/v1/stats HTTP/1.1" from [::1]:59122 - 200 179B in 858.919µs
2026/04/10 14:54:35 "GET http://localhost:8080/api/v1/gateways HTTP/1.1" from [::1]:59138 - 200 285B in 508.68µs
2026/04/10 14:54:49 "GET http://localhost:8080/api/v1/agents HTTP/1.1" from [::1]:50166 - 200 5B in 225.059µs
2026/04/10 14:54:49 "GET http://localhost:8080/api/v1/gateways HTTP/1.1" from [::1]:50180 - 200 285B in 295.163µs
2026/04/10 14:54:49 "GET http://localhost:8080/api/v1/stats HTTP/1.1" from [::1]:50184 - 200 179B in 532.745µs
2026/04/10 14:54:49 "GET http://localhost:8080/api/v1/agents HTTP/1.1" from [::1]:50196 - 200 5B in 203.319µs
2026/04/10 14:54:49 "GET http://localhost:8080/api/v1/gateways HTTP/1.1" from [::1]:50202 - 200 285B in 345.844µs
2026/04/10 14:54:49 "GET http://localhost:8080/api/v1/stats HTTP/1.1" from [::1]:50216 - 200 179B in 517.923µs
2026/04/10 14:56:54 "GET http://localhost:8080/api/v1/agents HTTP/1.1" from [::1]:34776 - 200 5B in 288.967µs
2026/04/10 14:56:54 "GET http://localhost:8080/api/v1/gateways HTTP/1.1" from [::1]:34788 - 200 285B in 285.916µs
2026/04/10 14:56:54 "GET http://localhost:8080/api/v1/stats HTTP/1.1" from [::1]:34802 - 200 179B in 635.793µs
2026/04/10 14:56:54 "GET http://localhost:8080/api/v1/agents HTTP/1.1" from [::1]:34804 - 200 5B in 404.07µs
2026/04/10 14:56:54 "GET http://localhost:8080/api/v1/gateways HTTP/1.1" from [::1]:34822 - 200 285B in 385.546µs
2026/04/10 14:56:54 "GET http://localhost:8080/api/v1/stats HTTP/1.1" from [::1]:34820 - 200 179B in 1.69872ms
2026/04/10 14:57:18 "GET http://localhost:8080/api/v1/agents HTTP/1.1" from [::1]:51028 - 200 5B in 299.798µs
2026/04/10 14:57:18 "GET http://localhost:8080/api/v1/gateways HTTP/1.1" from [::1]:51036 - 200 285B in 553.735µs
2026/04/10 14:57:18 "GET http://localhost:8080/api/v1/stats HTTP/1.1" from [::1]:51042 - 200 179B in 728.712µs
2026/04/10 14:57:18 "GET http://localhost:8080/api/v1/agents HTTP/1.1" from [::1]:51044 - 200 5B in 1.3271ms
2026/04/10 14:57:18 "GET http://localhost:8080/api/v1/gateways HTTP/1.1" from [::1]:51050 - 200 285B in 386.378µs
2026/04/10 14:57:18 "GET http://localhost:8080/api/v1/stats HTTP/1.1" from [::1]:51058 - 200 179B in 602.459µs
2026/04/10 14:57:18 "GET http://localhost:8080/api/v1/agents HTTP/1.1" from [::1]:51062 - 200 5B in 220.052µs
2026/04/10 14:57:18 "GET http://localhost:8080/api/v1/gateways HTTP/1.1" from [::1]:51074 - 200 285B in 286.168µs
2026/04/10 14:57:18 "GET http://localhost:8080/api/v1/agents HTTP/1.1" from [::1]:51090 - 200 5B in 162.345µs
2026/04/10 14:57:18 "GET http://localhost:8080/api/v1/stats HTTP/1.1" from [::1]:51084 - 200 179B in 629.44µs
2026/04/10 14:57:18 "GET http://localhost:8080/api/v1/gateways HTTP/1.1" from [::1]:51096 - 200 285B in 330.128µs
2026/04/10 14:57:18 "GET http://localhost:8080/api/v1/stats HTTP/1.1" from [::1]:51110 - 200 179B in 583.666µs
2026/04/10 14:57:53 "GET http://localhost:8080/api/v1/agents HTTP/1.1" from [::1]:59636 - 200 5B in 240.576µs
2026/04/10 14:57:53 "GET http://localhost:8080/api/v1/gateways HTTP/1.1" from [::1]:59652 - 200 285B in 271.665µs
2026/04/10 14:57:53 "GET http://localhost:8080/api/v1/stats HTTP/1.1" from [::1]:59668 - 200 179B in 456.404µs
2026/04/10 14:57:53 "GET http://localhost:8080/api/v1/agents HTTP/1.1" from [::1]:59682 - 200 5B in 382.737µs
2026/04/10 14:57:53 "GET http://localhost:8080/api/v1/gateways HTTP/1.1" from [::1]:59698 - 200 285B in 333.578µs
2026/04/10 14:57:53 "GET http://localhost:8080/api/v1/stats HTTP/1.1" from [::1]:59702 - 200 179B in 622.55µs
2026/04/10 14:57:54 "GET http://localhost:8080/api/v1/agents HTTP/1.1" from [::1]:59704 - 200 5B in 295.882µs
2026/04/10 14:57:54 "GET http://localhost:8080/api/v1/gateways HTTP/1.1" from [::1]:59706 - 200 285B in 316.023µs
2026/04/10 14:57:54 "GET http://localhost:8080/api/v1/agents HTTP/1.1" from [::1]:59724 - 200 5B in 204.813µs
2026/04/10 14:57:54 "GET http://localhost:8080/api/v1/stats HTTP/1.1" from [::1]:59720 - 200 179B in 603.472µs
2026/04/10 14:57:54 "GET http://localhost:8080/api/v1/gateways HTTP/1.1" from [::1]:59732 - 200 285B in 339.238µs
2026/04/10 14:57:54 "GET http://localhost:8080/api/v1/stats HTTP/1.1" from [::1]:59740 - 200 179B in 1.054073ms
2026/04/10 14:57:54 "GET http://localhost:8080/api/v1/agents HTTP/1.1" from [::1]:59746 - 200 5B in 255.837µs
2026/04/10 14:57:54 "GET http://localhost:8080/api/v1/gateways HTTP/1.1" from [::1]:59756 - 200 285B in 374.478µs
2026/04/10 14:57:54 "GET http://localhost:8080/api/v1/stats HTTP/1.1" from [::1]:59766 - 200 179B in 617.768µs
2026/04/10 14:57:54 "GET http://localhost:8080/api/v1/agents HTTP/1.1" from [::1]:59772 - 200 5B in 243.947µs
2026/04/10 14:57:54 "GET http://localhost:8080/api/v1/gateways HTTP/1.1" from [::1]:59780 - 200 285B in 308.786µs
2026/04/10 14:57:54 "GET http://localhost:8080/api/v1/stats HTTP/1.1" from [::1]:59786 - 200 179B in 663.977µs
2026/04/10 14:57:54 "GET http://localhost:8080/api/v1/agents HTTP/1.1" from [::1]:59788 - 200 5B in 237.728µs
2026/04/10 14:57:54 "GET http://localhost:8080/api/v1/gateways HTTP/1.1" from [::1]:59802 - 200 285B in 315.389µs
2026/04/10 14:57:54 "GET http://localhost:8080/api/v1/stats HTTP/1.1" from [::1]:59812 - 200 179B in 604.873µs
2026/04/10 14:57:54 "GET http://localhost:8080/api/v1/agents HTTP/1.1" from [::1]:59816 - 200 5B in 234.274µs
2026/04/10 14:57:54 "GET http://localhost:8080/api/v1/gateways HTTP/1.1" from [::1]:59830 - 200 285B in 318.351µs
2026/04/10 14:57:54 "GET http://localhost:8080/api/v1/stats HTTP/1.1" from [::1]:59836 - 200 179B in 648.991µs
2026/04/10 14:57:55 "GET http://localhost:8080/api/v1/agents HTTP/1.1" from [::1]:59848 - 200 5B in 232.993µs
2026/04/10 14:57:55 "GET http://localhost:8080/api/v1/gateways HTTP/1.1" from [::1]:59860 - 200 285B in 292.534µs
2026/04/10 14:57:55 "GET http://localhost:8080/api/v1/stats HTTP/1.1" from [::1]:59876 - 200 179B in 618.641µs
2026/04/10 14:57:55 "GET http://localhost:8080/api/v1/agents HTTP/1.1" from [::1]:59882 - 200 5B in 237.64µs
2026/04/10 14:57:55 "GET http://localhost:8080/api/v1/gateways HTTP/1.1" from [::1]:59886 - 200 285B in 505.113µs
2026/04/10 14:57:55 "GET http://localhost:8080/api/v1/stats HTTP/1.1" from [::1]:59888 - 200 179B in 458.683µs
2026/04/10 14:58:07 "GET http://localhost:8080/api/v1/agents HTTP/1.1" from [::1]:55828 - 200 5B in 283.32µs
2026/04/10 14:58:07 "GET http://localhost:8080/api/v1/gateways HTTP/1.1" from [::1]:55832 - 200 285B in 598.569µs
2026/04/10 14:58:07 "GET http://localhost:8080/api/v1/stats HTTP/1.1" from [::1]:55844 - 200 179B in 655.813µs
2026/04/10 14:58:07 "GET http://localhost:8080/api/v1/agents HTTP/1.1" from [::1]:55852 - 200 5B in 235.752µs
2026/04/10 14:58:07 "GET http://localhost:8080/api/v1/gateways HTTP/1.1" from [::1]:55856 - 200 285B in 395.463µs
2026/04/10 14:58:07 "GET http://localhost:8080/api/v1/stats HTTP/1.1" from [::1]:55858 - 200 179B in 549.853µs
2026/04/10 14:58:07 "GET http://localhost:8080/api/v1/agents HTTP/1.1" from [::1]:55862 - 200 5B in 289.756µs
2026/04/10 14:58:07 "GET http://localhost:8080/api/v1/gateways HTTP/1.1" from [::1]:55864 - 200 285B in 416.629µs
2026/04/10 14:58:07 "GET http://localhost:8080/api/v1/agents HTTP/1.1" from [::1]:55878 - 200 5B in 212.697µs
2026/04/10 14:58:07 "GET http://localhost:8080/api/v1/stats HTTP/1.1" from [::1]:55866 - 200 179B in 719.709µs
2026/04/10 14:58:07 "GET http://localhost:8080/api/v1/gateways HTTP/1.1" from [::1]:55890 - 200 285B in 410.791µs
2026/04/10 14:58:07 "GET http://localhost:8080/api/v1/stats HTTP/1.1" from [::1]:55894 - 200 179B in 775.265µs
2026/04/10 14:58:07 "GET http://localhost:8080/api/v1/agents HTTP/1.1" from [::1]:55896 - 200 5B in 248.852µs
2026/04/10 14:58:07 "GET http://localhost:8080/api/v1/gateways HTTP/1.1" from [::1]:55904 - 200 285B in 277.564µs
2026/04/10 14:58:07 "GET http://localhost:8080/api/v1/stats HTTP/1.1" from [::1]:55914 - 200 179B in 568.746µs
2026/04/10 14:58:07 "GET http://localhost:8080/api/v1/agents HTTP/1.1" from [::1]:55920 - 200 5B in 702.296µs
2026/04/10 14:58:07 "GET http://localhost:8080/api/v1/gateways HTTP/1.1" from [::1]:55926 - 200 285B in 314.533µs
2026/04/10 14:58:07 "GET http://localhost:8080/api/v1/stats HTTP/1.1" from [::1]:55942 - 200 179B in 565.185µs
2026/04/10 14:58:08 "GET http://localhost:8080/api/v1/agents HTTP/1.1" from [::1]:55950 - 200 5B in 250.526µs
2026/04/10 14:58:08 "GET http://localhost:8080/api/v1/gateways HTTP/1.1" from [::1]:55956 - 200 285B in 389.517µs
2026/04/10 14:58:08 "GET http://localhost:8080/api/v1/agents HTTP/1.1" from [::1]:55960 - 200 5B in 170.5µs
2026/04/10 14:58:08 "GET http://localhost:8080/api/v1/stats HTTP/1.1" from [::1]:55958 - 200 179B in 492.098µs
2026/04/10 14:58:08 "GET http://localhost:8080/api/v1/gateways HTTP/1.1" from [::1]:55976 - 200 285B in 336.452µs
2026/04/10 14:58:08 "GET http://localhost:8080/api/v1/stats HTTP/1.1" from [::1]:55980 - 200 179B in 794.872µs
2026/04/10 14:58:08 "GET http://localhost:8080/api/v1/stats HTTP/1.1" from [::1]:56008 - 200 179B in 751.524µs
2026/04/10 14:58:08 "GET http://localhost:8080/api/v1/agents HTTP/1.1" from [::1]:55996 - 200 5B in 274.251µs
2026/04/10 14:58:08 "GET http://localhost:8080/api/v1/gateways HTTP/1.1" from [::1]:56002 - 200 285B in 269.577µs
2026/04/10 14:58:08 "GET http://localhost:8080/api/v1/agents HTTP/1.1" from [::1]:56012 - 200 5B in 1.430256ms
2026/04/10 14:58:08 "GET http://localhost:8080/api/v1/stats HTTP/1.1" from [::1]:56010 - 200 179B in 2.263431ms
2026/04/10 14:58:08 "GET http://localhost:8080/api/v1/gateways HTTP/1.1" from [::1]:56022 - 200 285B in 353.012µs
2026/04/10 14:58:08 "GET http://localhost:8080/api/v1/agents HTTP/1.1" from [::1]:56026 - 200 5B in 273.856µs
2026/04/10 14:58:08 "GET http://localhost:8080/api/v1/stats HTTP/1.1" from [::1]:56040 - 200 179B in 685.859µs
2026/04/10 14:58:08 "GET http://localhost:8080/api/v1/gateways HTTP/1.1" from [::1]:56046 - 200 285B in 306.725µs
2026/04/10 14:58:09 "GET http://localhost:8080/api/v1/agents HTTP/1.1" from [::1]:56060 - 200 5B in 218.41µs
2026/04/10 14:58:09 "GET http://localhost:8080/api/v1/gateways HTTP/1.1" from [::1]:56066 - 200 285B in 381.078µs
2026/04/10 14:58:09 "GET http://localhost:8080/api/v1/agents HTTP/1.1" from [::1]:56084 - 200 5B in 186.414µs
2026/04/10 14:58:09 "GET http://localhost:8080/api/v1/stats HTTP/1.1" from [::1]:56078 - 200 179B in 599.933µs
2026/04/10 14:58:09 "GET http://localhost:8080/api/v1/gateways HTTP/1.1" from [::1]:56090 - 200 285B in 382.371µs
2026/04/10 14:58:09 "GET http://localhost:8080/api/v1/stats HTTP/1.1" from [::1]:56104 - 200 179B in 707.318µs
2026/04/10 14:58:10 "GET http://localhost:8080/api/v1/stats HTTP/1.1" from [::1]:60726 - 200 179B in 597.095µs
2026/04/10 14:58:10 "GET http://localhost:8080/api/v1/agents HTTP/1.1" from [::1]:60712 - 200 5B in 178.65µs
2026/04/10 14:58:10 "GET http://localhost:8080/api/v1/gateways HTTP/1.1" from [::1]:60722 - 200 285B in 208.806µs
2026/04/10 14:58:10 "GET http://localhost:8080/api/v1/stats HTTP/1.1" from [::1]:60742 - 200 179B in 572.125µs
2026/04/10 14:58:10 "GET http://localhost:8080/api/v1/agents HTTP/1.1" from [::1]:60744 - 200 5B in 322.239µs
2026/04/10 14:58:10 "GET http://localhost:8080/api/v1/gateways HTTP/1.1" from [::1]:60746 - 200 285B in 225.815µs
2026/04/10 14:58:11 "GET http://localhost:8080/api/v1/agents HTTP/1.1" from [::1]:60756 - 200 5B in 241.1µs
2026/04/10 14:58:11 "GET http://localhost:8080/api/v1/gateways HTTP/1.1" from [::1]:60758 - 200 285B in 301.43µs
2026/04/10 14:58:11 "GET http://localhost:8080/api/v1/stats HTTP/1.1" from [::1]:60766 - 200 179B in 475.264µs
2026/04/10 14:58:11 "GET http://localhost:8080/api/v1/agents HTTP/1.1" from [::1]:60780 - 200 5B in 228.358µs
2026/04/10 14:58:11 "GET http://localhost:8080/api/v1/gateways HTTP/1.1" from [::1]:60786 - 200 285B in 323.075µs
2026/04/10 14:58:11 "GET http://localhost:8080/api/v1/stats HTTP/1.1" from [::1]:60800 - 200 179B in 545.836µs
2026/04/10 14:58:13 "GET http://localhost:8080/api/v1/agents HTTP/1.1" from [::1]:60808 - 200 5B in 213.217µs
2026/04/10 14:58:13 "GET http://localhost:8080/api/v1/gateways HTTP/1.1" from [::1]:60822 - 200 285B in 274.761µs
2026/04/10 14:58:13 "GET http://localhost:8080/api/v1/agents HTTP/1.1" from [::1]:60846 - 200 5B in 190.431µs
2026/04/10 14:58:13 "GET http://localhost:8080/api/v1/stats HTTP/1.1" from [::1]:60836 - 200 179B in 609.326µs
2026/04/10 14:58:13 "GET http://localhost:8080/api/v1/gateways HTTP/1.1" from [::1]:60860 - 200 285B in 352.42µs
2026/04/10 14:58:13 "GET http://localhost:8080/api/v1/stats HTTP/1.1" from [::1]:60876 - 200 179B in 461.105µs
2026/04/10 14:58:21 "GET http://localhost:8080/api/v1/agents HTTP/1.1" from [::1]:35822 - 200 5B in 266.823µs
2026/04/10 14:58:21 "GET http://localhost:8080/api/v1/gateways HTTP/1.1" from [::1]:35824 - 200 285B in 346.693µs
2026/04/10 14:58:21 "GET http://localhost:8080/api/v1/agents HTTP/1.1" from [::1]:35856 - 200 5B in 157.868µs
2026/04/10 14:58:21 "GET http://localhost:8080/api/v1/stats HTTP/1.1" from [::1]:35840 - 200 179B in 648.961µs
2026/04/10 14:58:21 "GET http://localhost:8080/api/v1/gateways HTTP/1.1" from [::1]:35866 - 200 285B in 338.107µs
2026/04/10 14:58:21 "GET http://localhost:8080/api/v1/stats HTTP/1.1" from [::1]:35878 - 200 179B in 631.368µs
2026/04/10 14:58:58 "GET http://localhost:8080/api/v1/agents HTTP/1.1" from [::1]:52552 - 200 5B in 318.727µs
2026/04/10 14:58:58 "GET http://localhost:8080/api/v1/gateways HTTP/1.1" from [::1]:52562 - 200 285B in 287.315µs
2026/04/10 14:58:58 "GET http://localhost:8080/api/v1/stats HTTP/1.1" from [::1]:52570 - 200 179B in 577.269µs
2026/04/10 14:58:58 "GET http://localhost:8080/api/v1/agents HTTP/1.1" from [::1]:52584 - 200 5B in 715.535µs
2026/04/10 14:58:58 "GET http://localhost:8080/api/v1/gateways HTTP/1.1" from [::1]:52588 - 200 285B in 326.559µs
2026/04/10 14:58:58 "GET http://localhost:8080/api/v1/stats HTTP/1.1" from [::1]:52598 - 200 179B in 514.675µs
2026/04/10 14:58:59 "GET http://localhost:8080/api/v1/agents HTTP/1.1" from [::1]:52604 - 200 5B in 257.311µs
2026/04/10 14:58:59 "GET http://localhost:8080/api/v1/gateways HTTP/1.1" from [::1]:52612 - 200 285B in 303.867µs
2026/04/10 14:58:59 "GET http://localhost:8080/api/v1/stats HTTP/1.1" from [::1]:52614 - 200 179B in 571.194µs
2026/04/10 14:58:59 "GET http://localhost:8080/api/v1/agents HTTP/1.1" from [::1]:52620 - 200 5B in 245.826µs
2026/04/10 14:58:59 "GET http://localhost:8080/api/v1/gateways HTTP/1.1" from [::1]:52630 - 200 285B in 382.787µs
2026/04/10 14:58:59 "GET http://localhost:8080/api/v1/stats HTTP/1.1" from [::1]:52636 - 200 179B in 594.12µs
2026/04/10 14:59:00 "GET http://localhost:8080/api/v1/stats HTTP/1.1" from [::1]:60974 - 200 179B in 628.74µs
2026/04/10 14:59:00 "GET http://localhost:8080/api/v1/agents HTTP/1.1" from [::1]:60954 - 200 5B in 128.44µs
2026/04/10 14:59:00 "GET http://localhost:8080/api/v1/gateways HTTP/1.1" from [::1]:60962 - 200 285B in 876.059µs
2026/04/10 14:59:00 "GET http://localhost:8080/api/v1/agents HTTP/1.1" from [::1]:60986 - 200 5B in 202.399µs
2026/04/10 14:59:00 "GET http://localhost:8080/api/v1/stats HTTP/1.1" from [::1]:32768 - 200 179B in 1.704866ms
2026/04/10 14:59:00 "GET http://localhost:8080/api/v1/gateways HTTP/1.1" from [::1]:32780 - 200 285B in 321.758µs
2026/04/10 14:59:01 "GET http://localhost:8080/api/v1/agents HTTP/1.1" from [::1]:32784 - 200 5B in 259.641µs
2026/04/10 14:59:01 "GET http://localhost:8080/api/v1/gateways HTTP/1.1" from [::1]:32788 - 200 285B in 358.375µs
2026/04/10 14:59:01 "GET http://localhost:8080/api/v1/stats HTTP/1.1" from [::1]:32792 - 200 179B in 607.312µs
2026/04/10 14:59:01 "GET http://localhost:8080/api/v1/agents HTTP/1.1" from [::1]:32808 - 200 5B in 278.582µs
2026/04/10 14:59:01 "GET http://localhost:8080/api/v1/gateways HTTP/1.1" from [::1]:32810 - 200 285B in 327.122µs
2026/04/10 14:59:01 "GET http://localhost:8080/api/v1/stats HTTP/1.1" from [::1]:32826 - 200 179B in 997.46µs
2026/04/10 14:59:02 "GET http://localhost:8080/api/v1/agents HTTP/1.1" from [::1]:32834 - 200 5B in 228.123µs
2026/04/10 14:59:02 "GET http://localhost:8080/api/v1/gateways HTTP/1.1" from [::1]:32848 - 200 285B in 277.14µs
2026/04/10 14:59:02 "GET http://localhost:8080/api/v1/stats HTTP/1.1" from [::1]:32864 - 200 179B in 512.717µs
2026/04/10 14:59:02 "GET http://localhost:8080/api/v1/agents HTTP/1.1" from [::1]:32876 - 200 5B in 222.616µs
2026/04/10 14:59:02 "GET http://localhost:8080/api/v1/gateways HTTP/1.1" from [::1]:32890 - 200 285B in 299.716µs
2026/04/10 14:59:02 "GET http://localhost:8080/api/v1/stats HTTP/1.1" from [::1]:32896 - 200 179B in 441.904µs
2026/04/10 14:59:30 "GET http://localhost:8080/api/v1/agents HTTP/1.1" from [::1]:44856 - 200 5B in 283.181µs
2026/04/10 14:59:30 "GET http://localhost:8080/api/v1/stats HTTP/1.1" from [::1]:44862 - 200 179B in 531.685µs
2026/04/10 14:59:30 "GET http://localhost:8080/api/v1/gateways HTTP/1.1" from [::1]:44860 - 200 285B in 290.636µs
2026/04/10 14:59:30 "GET http://localhost:8080/api/v1/agents HTTP/1.1" from [::1]:44866 - 200 5B in 242.23µs
2026/04/10 14:59:30 "GET http://localhost:8080/api/v1/gateways HTTP/1.1" from [::1]:44874 - 200 285B in 279.764µs
2026/04/10 14:59:30 "GET http://localhost:8080/api/v1/stats HTTP/1.1" from [::1]:44870 - 200 179B in 666.108µs
2026/04/10 14:59:58 "GET http://localhost:8080/api/v1/agents HTTP/1.1" from [::1]:40414 - 200 5B in 188.658µs
2026/04/10 14:59:58 "GET http://localhost:8080/api/v1/gateways HTTP/1.1" from [::1]:40416 - 200 285B in 257.522µs
2026/04/10 14:59:58 "GET http://localhost:8080/api/v1/stats HTTP/1.1" from [::1]:40418 - 200 179B in 595.886µs
2026/04/10 14:59:58 "GET http://localhost:8080/api/v1/agents HTTP/1.1" from [::1]:40434 - 200 5B in 197.618µs
2026/04/10 14:59:58 "GET http://localhost:8080/api/v1/gateways HTTP/1.1" from [::1]:40446 - 200 285B in 407.702µs
2026/04/10 14:59:58 "GET http://localhost:8080/api/v1/stats HTTP/1.1" from [::1]:40454 - 200 179B in 1.574199ms
2026/04/10 15:04:09 "GET http://localhost:8080/api/v1/agents HTTP/1.1" from [::1]:45390 - 200 5B in 261.813µs
2026/04/10 15:04:09 "GET http://localhost:8080/api/v1/gateways HTTP/1.1" from [::1]:45398 - 200 285B in 318.038µs
2026/04/10 15:04:09 "GET http://localhost:8080/api/v1/stats HTTP/1.1" from [::1]:45414 - 200 179B in 622.577µs
2026/04/10 15:04:09 "GET http://localhost:8080/api/v1/agents HTTP/1.1" from [::1]:45422 - 200 5B in 244.365µs
2026/04/10 15:04:09 "GET http://localhost:8080/api/v1/gateways HTTP/1.1" from [::1]:45434 - 200 285B in 205.392µs
2026/04/10 15:04:09 "GET http://localhost:8080/api/v1/stats HTTP/1.1" from [::1]:45428 - 200 179B in 526.319µs
2026/04/10 15:04:13 "GET http://localhost:8080/api/v1/agents HTTP/1.1" from [::1]:39640 - 200 5B in 239.036µs
2026/04/10 15:04:13 "GET http://localhost:8080/api/v1/gateways HTTP/1.1" from [::1]:39652 - 200 285B in 241.958µs
2026/04/10 15:04:13 "GET http://localhost:8080/api/v1/stats HTTP/1.1" from [::1]:39664 - 200 179B in 624.387µs
2026/04/10 15:04:13 "GET http://localhost:8080/api/v1/agents HTTP/1.1" from [::1]:39676 - 200 5B in 248.385µs
2026/04/10 15:04:13 "GET http://localhost:8080/api/v1/gateways HTTP/1.1" from [::1]:39680 - 200 285B in 311.951µs
2026/04/10 15:04:13 "GET http://localhost:8080/api/v1/stats HTTP/1.1" from [::1]:39690 - 200 179B in 872.814µs
2026/04/10 15:04:14 "GET http://localhost:8080/api/v1/agents HTTP/1.1" from [::1]:39696 - 200 5B in 217.238µs
2026/04/10 15:04:14 "GET http://localhost:8080/api/v1/gateways HTTP/1.1" from [::1]:39700 - 200 285B in 459.554µs
2026/04/10 15:04:14 "GET http://localhost:8080/api/v1/stats HTTP/1.1" from [::1]:39702 - 200 179B in 771.038µs
2026/04/10 15:04:14 "GET http://localhost:8080/api/v1/agents HTTP/1.1" from [::1]:39710 - 200 5B in 263.576µs
2026/04/10 15:04:14 "GET http://localhost:8080/api/v1/gateways HTTP/1.1" from [::1]:39726 - 200 285B in 416.163µs
2026/04/10 15:04:14 "GET http://localhost:8080/api/v1/stats HTTP/1.1" from [::1]:39734 - 200 179B in 612.509µs
2026/04/10 15:04:23 "GET http://localhost:8080/api/v1/agents HTTP/1.1" from [::1]:41838 - 200 5B in 232.182µs
2026/04/10 15:04:23 "GET http://localhost:8080/api/v1/gateways HTTP/1.1" from [::1]:41846 - 200 285B in 297.086µs
2026/04/10 15:04:23 "GET http://localhost:8080/api/v1/agents HTTP/1.1" from [::1]:41862 - 200 5B in 302.408µs
2026/04/10 15:04:23 "GET http://localhost:8080/api/v1/stats HTTP/1.1" from [::1]:41848 - 200 179B in 624.116µs
2026/04/10 15:04:23 "GET http://localhost:8080/api/v1/gateways HTTP/1.1" from [::1]:41864 - 200 285B in 371.461µs
2026/04/10 15:04:23 "GET http://localhost:8080/api/v1/stats HTTP/1.1" from [::1]:41874 - 200 179B in 774.807µs
2026/04/10 15:05:05 "GET http://localhost:8080/api/v1/agents HTTP/1.1" from [::1]:38762 - 200 5B in 264.566µs
2026/04/10 15:05:05 "GET http://localhost:8080/api/v1/gateways HTTP/1.1" from [::1]:38776 - 200 285B in 508.088µs
2026/04/10 15:05:05 "GET http://localhost:8080/api/v1/stats HTTP/1.1" from [::1]:38788 - 200 179B in 618.225µs
2026/04/10 15:05:05 "GET http://localhost:8080/api/v1/agents HTTP/1.1" from [::1]:38802 - 200 5B in 191.535µs
2026/04/10 15:05:05 "GET http://localhost:8080/api/v1/gateways HTTP/1.1" from [::1]:38814 - 200 285B in 314.759µs
2026/04/10 15:05:05 "GET http://localhost:8080/api/v1/stats HTTP/1.1" from [::1]:38824 - 200 179B in 640.656µs
2026/04/10 15:05:10 "GET http://localhost:8080/api/v1/agents HTTP/1.1" from [::1]:60792 - 200 5B in 307.794µs
2026/04/10 15:05:10 "GET http://localhost:8080/api/v1/stats HTTP/1.1" from [::1]:60808 - 200 179B in 853.001µs
2026/04/10 15:05:15 "GET http://localhost:8080/api/v1/agents HTTP/1.1" from [::1]:60814 - 200 5B in 253.999µs
2026/04/10 15:05:15 "GET http://localhost:8080/api/v1/stats HTTP/1.1" from [::1]:60820 - 200 179B in 620.268µs
2026/04/10 15:05:20 "GET http://localhost:8080/api/v1/agents HTTP/1.1" from [::1]:44300 - 200 5B in 306.788µs
2026/04/10 15:05:20 "GET http://localhost:8080/api/v1/stats HTTP/1.1" from [::1]:44302 - 200 179B in 618.706µs
2026/04/10 15:05:25 "GET http://localhost:8080/api/v1/agents HTTP/1.1" from [::1]:44306 - 200 5B in 331.351µs
2026/04/10 15:05:25 "GET http://localhost:8080/api/v1/stats HTTP/1.1" from [::1]:44312 - 200 179B in 749.156µs
2026/04/10 15:05:30 "GET http://localhost:8080/api/v1/agents HTTP/1.1" from [::1]:35578 - 200 5B in 227.301µs
2026/04/10 15:05:30 "GET http://localhost:8080/api/v1/stats HTTP/1.1" from [::1]:35582 - 200 179B in 590.444µs
2026/04/10 15:05:35 "GET http://localhost:8080/api/v1/agents HTTP/1.1" from [::1]:35592 - 200 5B in 251.731µs
2026/04/10 15:05:35 "GET http://localhost:8080/api/v1/stats HTTP/1.1" from [::1]:35602 - 200 179B in 540.989µs
2026/04/10 15:05:45 "GET http://localhost:8080/api/v1/agents HTTP/1.1" from [::1]:43858 - 200 5B in 223.496µs
2026/04/10 15:05:45 "GET http://localhost:8080/api/v1/gateways HTTP/1.1" from [::1]:43868 - 200 285B in 258.386µs
2026/04/10 15:05:45 "GET http://localhost:8080/api/v1/stats HTTP/1.1" from [::1]:43876 - 200 179B in 441.902µs
2026/04/10 15:05:45 "GET http://localhost:8080/api/v1/gateways HTTP/1.1" from [::1]:43888 - 200 285B in 426.153µs
2026/04/10 15:05:45 "GET http://localhost:8080/api/v1/stats HTTP/1.1" from [::1]:43898 - 200 179B in 525.405µs
2026/04/10 15:05:45 "GET http://localhost:8080/api/v1/agents HTTP/1.1" from [::1]:43906 - 200 5B in 188.145µs
2026/04/10 15:05:50 "GET http://localhost:8080/api/v1/agents HTTP/1.1" from [::1]:56136 - 200 5B in 232.298µs
2026/04/10 15:05:50 "GET http://localhost:8080/api/v1/stats HTTP/1.1" from [::1]:56140 - 200 179B in 450.743µs
2026/04/10 15:06:49 "GET http://localhost:8080/api/v1/agents HTTP/1.1" from [::1]:39752 - 200 5B in 229.563µs
2026/04/10 15:06:49 "GET http://localhost:8080/api/v1/gateways HTTP/1.1" from [::1]:39768 - 200 285B in 325.423µs
2026/04/10 15:06:49 "GET http://localhost:8080/api/v1/stats HTTP/1.1" from [::1]:39784 - 200 179B in 544.658µs
2026/04/10 15:06:49 "GET http://localhost:8080/api/v1/agents HTTP/1.1" from [::1]:39792 - 200 5B in 261.379µs
2026/04/10 15:06:49 "GET http://localhost:8080/api/v1/gateways HTTP/1.1" from [::1]:39804 - 200 285B in 299.21µs
2026/04/10 15:06:49 "GET http://localhost:8080/api/v1/stats HTTP/1.1" from [::1]:39808 - 200 179B in 1.208616ms
2026/04/10 15:06:54 "GET http://localhost:8080/api/v1/agents HTTP/1.1" from [::1]:54552 - 200 5B in 229.085µs
2026/04/10 15:06:54 "GET http://localhost:8080/api/v1/stats HTTP/1.1" from [::1]:54564 - 200 179B in 627.953µs
2026/04/10 15:06:59 "GET http://localhost:8080/api/v1/agents HTTP/1.1" from [::1]:54570 - 200 5B in 312.692µs
2026/04/10 15:06:59 "GET http://localhost:8080/api/v1/stats HTTP/1.1" from [::1]:54580 - 200 179B in 633.402µs
2026/04/10 15:07:02 "GET http://localhost:8080/api/v1/agents HTTP/1.1" from [::1]:56396 - 200 5B in 241.486µs
2026/04/10 15:07:02 "GET http://localhost:8080/api/v1/gateways HTTP/1.1" from [::1]:56402 - 200 285B in 368.628µs
2026/04/10 15:07:02 "GET http://localhost:8080/api/v1/stats HTTP/1.1" from [::1]:56414 - 200 179B in 532.563µs
2026/04/10 15:07:02 "GET http://localhost:8080/api/v1/agents HTTP/1.1" from [::1]:56420 - 200 5B in 243.356µs
2026/04/10 15:07:02 "GET http://localhost:8080/api/v1/gateways HTTP/1.1" from [::1]:56432 - 200 285B in 256.458µs
2026/04/10 15:07:02 "GET http://localhost:8080/api/v1/stats HTTP/1.1" from [::1]:56438 - 200 179B in 788.36µs
2026/04/10 15:07:07 "GET http://localhost:8080/api/v1/agents HTTP/1.1" from [::1]:56448 - 200 5B in 506.774µs
2026/04/10 15:07:07 "GET http://localhost:8080/api/v1/stats HTTP/1.1" from [::1]:56458 - 200 179B in 615.475µs
2026/04/10 15:07:09 "GET http://localhost:8080/api/v1/agents HTTP/1.1" from [::1]:56472 - 200 5B in 242.136µs
2026/04/10 15:07:09 "GET http://localhost:8080/api/v1/gateways HTTP/1.1" from [::1]:56480 - 200 285B in 220.674µs
2026/04/10 15:07:09 "GET http://localhost:8080/api/v1/stats HTTP/1.1" from [::1]:56492 - 200 179B in 567.097µs
2026/04/10 15:07:09 "GET http://localhost:8080/api/v1/gateways HTTP/1.1" from [::1]:56508 - 200 285B in 288.547µs
2026/04/10 15:07:09 "GET http://localhost:8080/api/v1/agents HTTP/1.1" from [::1]:56506 - 200 5B in 3.285083ms
2026/04/10 15:07:09 "GET http://localhost:8080/api/v1/stats HTTP/1.1" from [::1]:56516 - 200 179B in 624.143µs
2026/04/10 15:07:14 "GET http://localhost:8080/api/v1/agents HTTP/1.1" from [::1]:49500 - 200 5B in 193.902µs
2026/04/10 15:07:14 "GET http://localhost:8080/api/v1/stats HTTP/1.1" from [::1]:49504 - 200 179B in 682.38µs
2026/04/10 15:07:19 "GET http://localhost:8080/api/v1/agents HTTP/1.1" from [::1]:49520 - 200 5B in 203.657µs
2026/04/10 15:07:19 "GET http://localhost:8080/api/v1/stats HTTP/1.1" from [::1]:49534 - 200 179B in 424.308µs
2026/04/10 15:07:21 "POST http://localhost:8080/api/v1/agents HTTP/1.1" from [::1]:43642 - 201 244B in 11.633929ms
2026/04/10 15:07:21 "GET http://localhost:8080/api/v1/agents HTTP/1.1" from [::1]:43658 - 200 194B in 303.431µs
2026/04/10 15:07:21 "GET http://localhost:8080/api/v1/stats HTTP/1.1" from [::1]:43666 - 200 179B in 491.45µs
2026/04/10 15:07:22 "POST http://localhost:8080/api/v1/agents/9eb17651-7503-441f-837f-ddcd2b3f069d/start HTTP/1.1" from [::1]:43674 - 500 53B in 1.691846ms
2026/04/10 15:07:23 "POST http://localhost:8080/api/v1/agents/9eb17651-7503-441f-837f-ddcd2b3f069d/start HTTP/1.1" from [::1]:43678 - 500 53B in 1.79799ms
2026/04/10 15:07:24 "GET http://localhost:8080/api/v1/agents HTTP/1.1" from [::1]:43686 - 200 194B in 324.166µs
2026/04/10 15:07:24 "GET http://localhost:8080/api/v1/stats HTTP/1.1" from [::1]:43694 - 200 179B in 488.127µs
2026/04/10 15:07:26 "POST http://localhost:8080/api/v1/agents/9eb17651-7503-441f-837f-ddcd2b3f069d/start HTTP/1.1" from [::1]:43706 - 500 53B in 1.55889ms
2026/04/10 15:07:29 "GET http://localhost:8080/api/v1/agents HTTP/1.1" from [::1]:43712 - 200 194B in 358.676µs
2026/04/10 15:07:29 "GET http://localhost:8080/api/v1/stats HTTP/1.1" from [::1]:43714 - 200 179B in 641.596µs
2026/04/10 15:07:34 "GET http://localhost:8080/api/v1/agents HTTP/1.1" from [::1]:35610 - 200 194B in 310.964µs
2026/04/10 15:07:34 "GET http://localhost:8080/api/v1/stats HTTP/1.1" from [::1]:35612 - 200 179B in 573.18µs
2026/04/10 15:07:35 "POST http://localhost:8080/api/v1/agents/9eb17651-7503-441f-837f-ddcd2b3f069d/start HTTP/1.1" from [::1]:35616 - 500 53B in 3.489056ms
2026/04/10 15:07:39 "GET http://localhost:8080/api/v1/agents HTTP/1.1" from [::1]:35626 - 200 194B in 289.775µs
2026/04/10 15:07:39 "GET http://localhost:8080/api/v1/stats HTTP/1.1" from [::1]:35632 - 200 179B in 691.779µs
2026/04/10 15:07:44 "GET http://localhost:8080/api/v1/agents HTTP/1.1" from [::1]:39758 - 200 194B in 351.903µs
2026/04/10 15:07:44 "GET http://localhost:8080/api/v1/stats HTTP/1.1" from [::1]:39774 - 200 179B in 661.248µs
2026/04/10 15:07:49 "GET http://localhost:8080/api/v1/agents HTTP/1.1" from [::1]:39782 - 200 194B in 309.533µs
2026/04/10 15:07:49 "GET http://localhost:8080/api/v1/stats HTTP/1.1" from [::1]:39786 - 200 179B in 773.589µs
2026/04/10 15:07:54 "GET http://localhost:8080/api/v1/agents HTTP/1.1" from [::1]:39254 - 200 194B in 548.9µs
2026/04/10 15:07:54 "GET http://localhost:8080/api/v1/stats HTTP/1.1" from [::1]:39256 - 200 179B in 811.716µs
2026/04/10 15:07:59 "GET http://localhost:8080/api/v1/agents HTTP/1.1" from [::1]:39264 - 200 194B in 399.829µs
2026/04/10 15:07:59 "GET http://localhost:8080/api/v1/stats HTTP/1.1" from [::1]:39280 - 200 179B in 522.11µs
2026/04/10 15:08:01 "GET http://localhost:8080/api/v1/agents HTTP/1.1" from [::1]:53708 - 200 194B in 253.594µs
2026/04/10 15:08:04 "GET http://localhost:8080/api/v1/agents HTTP/1.1" from [::1]:53726 - 200 194B in 237.821µs
2026/04/10 15:08:04 "GET http://localhost:8080/api/v1/stats HTTP/1.1" from [::1]:53712 - 200 179B in 595.521µs
2026/04/10 15:08:09 "POST http://localhost:8080/api/v1/agents/9eb17651-7503-441f-837f-ddcd2b3f069d/start HTTP/1.1" from [::1]:53732 - 500 53B in 4.067438ms
2026/04/10 15:08:09 "GET http://localhost:8080/api/v1/agents HTTP/1.1" from [::1]:53744 - 200 194B in 302.008µs
2026/04/10 15:08:09 "GET http://localhost:8080/api/v1/stats HTTP/1.1" from [::1]:53754 - 200 179B in 638.377µs
2026/04/10 15:08:14 "GET http://localhost:8080/api/v1/agents HTTP/1.1" from [::1]:46328 - 200 194B in 395.294µs
2026/04/10 15:08:14 "GET http://localhost:8080/api/v1/stats HTTP/1.1" from [::1]:46330 - 200 179B in 678.819µs
2026/04/10 15:08:19 "GET http://localhost:8080/api/v1/agents HTTP/1.1" from [::1]:46336 - 200 194B in 374.075µs
2026/04/10 15:08:19 "GET http://localhost:8080/api/v1/stats HTTP/1.1" from [::1]:46344 - 200 179B in 639.642µs
2026/04/10 15:08:24 "GET http://localhost:8080/api/v1/agents HTTP/1.1" from [::1]:58570 - 200 194B in 346.162µs
2026/04/10 15:08:24 "GET http://localhost:8080/api/v1/stats HTTP/1.1" from [::1]:58572 - 200 179B in 706.961µs
2026/04/10 15:08:29 "GET http://localhost:8080/api/v1/agents HTTP/1.1" from [::1]:58584 - 200 194B in 367.353µs
2026/04/10 15:08:29 "GET http://localhost:8080/api/v1/stats HTTP/1.1" from [::1]:58598 - 200 179B in 749.815µs
2026/04/10 15:08:34 "GET http://localhost:8080/api/v1/agents HTTP/1.1" from [::1]:43698 - 200 194B in 270.26µs
2026/04/10 15:08:34 "GET http://localhost:8080/api/v1/stats HTTP/1.1" from [::1]:43708 - 200 179B in 659.063µs
2026/04/10 15:08:39 "GET http://localhost:8080/api/v1/agents HTTP/1.1" from [::1]:43712 - 200 194B in 399.729µs
2026/04/10 15:08:39 "GET http://localhost:8080/api/v1/stats HTTP/1.1" from [::1]:43716 - 200 179B in 616.838µs
2026/04/10 15:08:44 "GET http://localhost:8080/api/v1/agents HTTP/1.1" from [::1]:54934 - 200 194B in 438.356µs
2026/04/10 15:08:44 "GET http://localhost:8080/api/v1/stats HTTP/1.1" from [::1]:54936 - 200 179B in 532.799µs
2026/04/10 15:08:49 "GET http://localhost:8080/api/v1/agents HTTP/1.1" from [::1]:54962 - 200 194B in 397.071µs
2026/04/10 15:08:49 "GET http://localhost:8080/api/v1/stats HTTP/1.1" from [::1]:54948 - 200 179B in 816.547µs
2026/04/10 15:08:54 "GET http://localhost:8080/api/v1/agents HTTP/1.1" from [::1]:44990 - 200 194B in 383.229µs
2026/04/10 15:08:54 "GET http://localhost:8080/api/v1/stats HTTP/1.1" from [::1]:45000 - 200 179B in 791.01µs
2026/04/10 15:08:59 "GET http://localhost:8080/api/v1/agents HTTP/1.1" from [::1]:45012 - 200 194B in 512.545µs
2026/04/10 15:08:59 "GET http://localhost:8080/api/v1/stats HTTP/1.1" from [::1]:45024 - 200 179B in 694.17µs
2026/04/10 15:09:04 "GET http://localhost:8080/api/v1/agents HTTP/1.1" from [::1]:52294 - 200 194B in 411.363µs
2026/04/10 15:09:04 "GET http://localhost:8080/api/v1/stats HTTP/1.1" from [::1]:52304 - 200 179B in 817.339µs
2026/04/10 15:09:09 "GET http://localhost:8080/api/v1/agents HTTP/1.1" from [::1]:52318 - 200 194B in 895.787µs
2026/04/10 15:09:09 "GET http://localhost:8080/api/v1/stats HTTP/1.1" from [::1]:52322 - 200 179B in 3.513419ms
2026/04/10 15:09:14 "GET http://localhost:8080/api/v1/agents HTTP/1.1" from [::1]:40422 - 200 194B in 305.874µs
2026/04/10 15:09:14 "GET http://localhost:8080/api/v1/stats HTTP/1.1" from [::1]:40426 - 200 179B in 643.582µs
2026/04/10 15:09:19 "GET http://localhost:8080/api/v1/agents HTTP/1.1" from [::1]:40432 - 200 194B in 310.872µs
2026/04/10 15:09:19 "GET http://localhost:8080/api/v1/stats HTTP/1.1" from [::1]:40440 - 200 179B in 622.858µs
2026/04/10 15:09:24 "GET http://localhost:8080/api/v1/agents HTTP/1.1" from [::1]:56158 - 200 194B in 437.911µs
2026/04/10 15:09:24 "GET http://localhost:8080/api/v1/stats HTTP/1.1" from [::1]:56172 - 200 179B in 667.932µs
2026/04/10 15:09:29 "GET http://localhost:8080/api/v1/agents HTTP/1.1" from [::1]:56178 - 200 194B in 391.91µs
2026/04/10 15:09:29 "GET http://localhost:8080/api/v1/stats HTTP/1.1" from [::1]:56190 - 200 179B in 622.273µs
2026/04/10 15:09:34 "GET http://localhost:8080/api/v1/agents HTTP/1.1" from [::1]:37064 - 200 194B in 368.39µs
2026/04/10 15:09:34 "GET http://localhost:8080/api/v1/stats HTTP/1.1" from [::1]:37078 - 200 179B in 720.397µs
2026/04/10 15:09:39 "GET http://localhost:8080/api/v1/agents HTTP/1.1" from [::1]:37094 - 200 194B in 409.882µs
2026/04/10 15:09:39 "GET http://localhost:8080/api/v1/stats HTTP/1.1" from [::1]:37104 - 200 179B in 697.494µs
2026/04/10 15:09:44 "GET http://localhost:8080/api/v1/agents HTTP/1.1" from [::1]:41804 - 200 194B in 328.178µs
2026/04/10 15:09:44 "GET http://localhost:8080/api/v1/stats HTTP/1.1" from [::1]:41812 - 200 179B in 624.3µs
2026/04/10 15:09:49 "GET http://localhost:8080/api/v1/agents HTTP/1.1" from [::1]:41820 - 200 194B in 397.488µs
2026/04/10 15:09:49 "GET http://localhost:8080/api/v1/stats HTTP/1.1" from [::1]:41826 - 200 179B in 593.092µs
2026/04/10 15:09:54 "GET http://localhost:8080/api/v1/agents HTTP/1.1" from [::1]:44970 - 200 194B in 379.047µs
2026/04/10 15:09:54 "GET http://localhost:8080/api/v1/stats HTTP/1.1" from [::1]:44974 - 200 179B in 559.822µs
2026/04/10 15:09:59 "GET http://localhost:8080/api/v1/agents HTTP/1.1" from [::1]:44984 - 200 194B in 369.631µs
2026/04/10 15:09:59 "GET http://localhost:8080/api/v1/stats HTTP/1.1" from [::1]:44990 - 200 179B in 749.456µs
2026/04/10 15:10:04 "GET http://localhost:8080/api/v1/agents HTTP/1.1" from [::1]:47040 - 200 194B in 546.092µs
2026/04/10 15:10:04 "GET http://localhost:8080/api/v1/stats HTTP/1.1" from [::1]:47042 - 200 179B in 1.785578ms
2026/04/10 15:10:09 "GET http://localhost:8080/api/v1/agents HTTP/1.1" from [::1]:47056 - 200 194B in 393.601µs
2026/04/10 15:10:09 "GET http://localhost:8080/api/v1/stats HTTP/1.1" from [::1]:47068 - 200 179B in 1.06883ms
2026/04/10 15:10:14 "GET http://localhost:8080/api/v1/agents HTTP/1.1" from [::1]:49814 - 200 194B in 386.69µs
2026/04/10 15:10:14 "GET http://localhost:8080/api/v1/stats HTTP/1.1" from [::1]:49822 - 200 179B in 709.511µs
2026/04/10 15:10:19 "GET http://localhost:8080/api/v1/agents HTTP/1.1" from [::1]:49828 - 200 194B in 382.783µs
2026/04/10 15:10:19 "GET http://localhost:8080/api/v1/stats HTTP/1.1" from [::1]:49838 - 200 179B in 785.415µs
2026/04/10 15:10:24 "GET http://localhost:8080/api/v1/agents HTTP/1.1" from [::1]:35834 - 200 194B in 412.328µs
2026/04/10 15:10:24 "GET http://localhost:8080/api/v1/stats HTTP/1.1" from [::1]:35850 - 200 179B in 1.150402ms
2026/04/10 15:10:29 "GET http://localhost:8080/api/v1/agents HTTP/1.1" from [::1]:35856 - 200 194B in 376.837µs
2026/04/10 15:10:29 "GET http://localhost:8080/api/v1/stats HTTP/1.1" from [::1]:35862 - 200 179B in 690.394µs
2026/04/10 15:10:34 "GET http://localhost:8080/api/v1/agents HTTP/1.1" from [::1]:43234 - 200 194B in 412.299µs
2026/04/10 15:10:34 "GET http://localhost:8080/api/v1/stats HTTP/1.1" from [::1]:43246 - 200 179B in 566.64µs
2026/04/10 15:10:39 "GET http://localhost:8080/api/v1/agents HTTP/1.1" from [::1]:43254 - 200 194B in 419.818µs
2026/04/10 15:10:39 "GET http://localhost:8080/api/v1/stats HTTP/1.1" from [::1]:43260 - 200 179B in 515.034µs
2026/04/10 15:10:44 "GET http://localhost:8080/api/v1/agents HTTP/1.1" from [::1]:41050 - 200 194B in 345.583µs
2026/04/10 15:10:44 "GET http://localhost:8080/api/v1/stats HTTP/1.1" from [::1]:41062 - 200 179B in 699.194µs
2026/04/10 15:10:49 "GET http://localhost:8080/api/v1/agents HTTP/1.1" from [::1]:41068 - 200 194B in 303.483µs
2026/04/10 15:10:49 "GET http://localhost:8080/api/v1/stats HTTP/1.1" from [::1]:41076 - 200 179B in 612.275µs
2026/04/10 15:10:54 "GET http://localhost:8080/api/v1/agents HTTP/1.1" from [::1]:60086 - 200 194B in 391.398µs
2026/04/10 15:10:54 "GET http://localhost:8080/api/v1/stats HTTP/1.1" from [::1]:60102 - 200 179B in 520.994µs
2026/04/10 15:10:59 "GET http://localhost:8080/api/v1/agents HTTP/1.1" from [::1]:60114 - 200 194B in 328.99µs
2026/04/10 15:10:59 "GET http://localhost:8080/api/v1/stats HTTP/1.1" from [::1]:60116 - 200 179B in 548.636µs
2026/04/10 15:11:04 "GET http://localhost:8080/api/v1/agents HTTP/1.1" from [::1]:38162 - 200 194B in 371.598µs
2026/04/10 15:11:04 "GET http://localhost:8080/api/v1/stats HTTP/1.1" from [::1]:38174 - 200 179B in 581.811µs
2026/04/10 15:11:09 "GET http://localhost:8080/api/v1/agents HTTP/1.1" from [::1]:38190 - 200 194B in 429.31µs
2026/04/10 15:11:09 "GET http://localhost:8080/api/v1/stats HTTP/1.1" from [::1]:38202 - 200 179B in 712.966µs
2026/04/10 15:11:14 "GET http://localhost:8080/api/v1/agents HTTP/1.1" from [::1]:43104 - 200 194B in 507.597µs
2026/04/10 15:11:14 "GET http://localhost:8080/api/v1/stats HTTP/1.1" from [::1]:43110 - 200 179B in 743.697µs
2026/04/10 15:11:19 "GET http://localhost:8080/api/v1/agents HTTP/1.1" from [::1]:43122 - 200 194B in 385.459µs
2026/04/10 15:11:19 "GET http://localhost:8080/api/v1/stats HTTP/1.1" from [::1]:43124 - 200 179B in 485.718µs
2026/04/10 15:11:24 "GET http://localhost:8080/api/v1/agents HTTP/1.1" from [::1]:45914 - 200 194B in 392.476µs
2026/04/10 15:11:24 "GET http://localhost:8080/api/v1/stats HTTP/1.1" from [::1]:45924 - 200 179B in 720.304µs
2026/04/10 15:11:29 "GET http://localhost:8080/api/v1/agents HTTP/1.1" from [::1]:45950 - 200 194B in 358.8µs
2026/04/10 15:11:29 "GET http://localhost:8080/api/v1/stats HTTP/1.1" from [::1]:45934 - 200 179B in 819.045µs
2026/04/10 15:11:34 "GET http://localhost:8080/api/v1/agents HTTP/1.1" from [::1]:42550 - 200 194B in 329.708µs
2026/04/10 15:11:34 "GET http://localhost:8080/api/v1/stats HTTP/1.1" from [::1]:42552 - 200 179B in 620.129µs
2026/04/10 15:11:39 "GET http://localhost:8080/api/v1/agents HTTP/1.1" from [::1]:42568 - 200 194B in 693.278µs
2026/04/10 15:11:39 "GET http://localhost:8080/api/v1/stats HTTP/1.1" from [::1]:42584 - 200 179B in 743.543µs
2026/04/10 15:11:44 "GET http://localhost:8080/api/v1/agents HTTP/1.1" from [::1]:55318 - 200 194B in 420.08µs
2026/04/10 15:11:44 "GET http://localhost:8080/api/v1/stats HTTP/1.1" from [::1]:55330 - 200 179B in 719.356µs
2026/04/10 15:11:49 "GET http://localhost:8080/api/v1/agents HTTP/1.1" from [::1]:55334 - 200 194B in 323.265µs
2026/04/10 15:11:49 "GET http://localhost:8080/api/v1/stats HTTP/1.1" from [::1]:55346 - 200 179B in 613.807µs
2026/04/10 15:11:54 "GET http://localhost:8080/api/v1/agents HTTP/1.1" from [::1]:47418 - 200 194B in 346.178µs
2026/04/10 15:11:54 "GET http://localhost:8080/api/v1/stats HTTP/1.1" from [::1]:47434 - 200 179B in 647.903µs
2026/04/10 15:11:59 "GET http://localhost:8080/api/v1/agents HTTP/1.1" from [::1]:47448 - 200 194B in 394.278µs
2026/04/10 15:11:59 "GET http://localhost:8080/api/v1/stats HTTP/1.1" from [::1]:47452 - 200 179B in 685.51µs
2026/04/10 15:12:04 "GET http://localhost:8080/api/v1/agents HTTP/1.1" from [::1]:46724 - 200 194B in 338.672µs
2026/04/10 15:12:04 "GET http://localhost:8080/api/v1/stats HTTP/1.1" from [::1]:46740 - 200 179B in 546.504µs
2026/04/10 15:12:09 "GET http://localhost:8080/api/v1/agents HTTP/1.1" from [::1]:46746 - 200 194B in 313.259µs
2026/04/10 15:12:09 "GET http://localhost:8080/api/v1/stats HTTP/1.1" from [::1]:46748 - 200 179B in 584.067µs
2026/04/10 15:12:15 "GET http://localhost:8080/api/v1/agents HTTP/1.1" from [::1]:53436 - 200 194B in 352.005µs
2026/04/10 15:12:15 "GET http://localhost:8080/api/v1/stats HTTP/1.1" from [::1]:53444 - 200 179B in 879.571µs
2026/04/10 15:12:20 "GET http://localhost:8080/api/v1/agents HTTP/1.1" from [::1]:56132 - 200 194B in 301.672µs
2026/04/10 15:12:20 "GET http://localhost:8080/api/v1/stats HTTP/1.1" from [::1]:56142 - 200 179B in 704.429µs
2026/04/10 15:12:25 "GET http://localhost:8080/api/v1/agents HTTP/1.1" from [::1]:56152 - 200 194B in 325.419µs
2026/04/10 15:12:25 "GET http://localhost:8080/api/v1/stats HTTP/1.1" from [::1]:56154 - 200 179B in 620.271µs
2026/04/10 15:12:30 "GET http://localhost:8080/api/v1/agents HTTP/1.1" from [::1]:59930 - 200 194B in 292.344µs
2026/04/10 15:12:30 "GET http://localhost:8080/api/v1/stats HTTP/1.1" from [::1]:59944 - 200 179B in 642.975µs
2026/04/10 15:12:35 "GET http://localhost:8080/api/v1/agents HTTP/1.1" from [::1]:59960 - 200 194B in 256.241µs
2026/04/10 15:12:35 "GET http://localhost:8080/api/v1/stats HTTP/1.1" from [::1]:59974 - 200 179B in 2.250741ms
2026/04/10 15:12:40 "GET http://localhost:8080/api/v1/agents HTTP/1.1" from [::1]:48334 - 200 194B in 418.459µs
2026/04/10 15:12:40 "GET http://localhost:8080/api/v1/stats HTTP/1.1" from [::1]:48342 - 200 179B in 770.361µs
2026/04/10 15:12:45 "GET http://localhost:8080/api/v1/agents HTTP/1.1" from [::1]:48354 - 200 194B in 257.72µs
2026/04/10 15:12:45 "GET http://localhost:8080/api/v1/stats HTTP/1.1" from [::1]:48370 - 200 179B in 791.022µs
2026/04/10 15:12:50 "GET http://localhost:8080/api/v1/agents HTTP/1.1" from [::1]:48538 - 200 194B in 392.205µs
2026/04/10 15:12:50 "GET http://localhost:8080/api/v1/stats HTTP/1.1" from [::1]:48550 - 200 179B in 602.686µs
2026/04/10 15:12:55 "GET http://localhost:8080/api/v1/agents HTTP/1.1" from [::1]:48564 - 200 194B in 443.84µs
2026/04/10 15:12:55 "GET http://localhost:8080/api/v1/stats HTTP/1.1" from [::1]:48574 - 200 179B in 734.979µs
2026/04/10 15:13:00 "GET http://localhost:8080/api/v1/agents HTTP/1.1" from [::1]:44066 - 200 194B in 398.326µs
2026/04/10 15:13:00 "GET http://localhost:8080/api/v1/stats HTTP/1.1" from [::1]:44074 - 200 179B in 738.049µs
2026/04/10 15:13:04 "POST http://localhost:8080/api/v1/agents/9eb17651-7503-441f-837f-ddcd2b3f069d/start HTTP/1.1" from [::1]:44082 - 500 53B in 1.831134ms
2026/04/10 15:13:05 "GET http://localhost:8080/api/v1/agents HTTP/1.1" from [::1]:44086 - 200 194B in 585.463µs
2026/04/10 15:13:05 "GET http://localhost:8080/api/v1/stats HTTP/1.1" from [::1]:44094 - 200 179B in 578.959µs
2026/04/10 15:13:10 "GET http://localhost:8080/api/v1/agents HTTP/1.1" from [::1]:43664 - 200 194B in 314.003µs
2026/04/10 15:13:10 "GET http://localhost:8080/api/v1/stats HTTP/1.1" from [::1]:43674 - 200 179B in 1.077263ms
2026/04/10 15:13:15 "GET http://localhost:8080/api/v1/agents HTTP/1.1" from [::1]:43686 - 200 194B in 495.528µs
2026/04/10 15:13:15 "GET http://localhost:8080/api/v1/stats HTTP/1.1" from [::1]:43690 - 200 179B in 722.834µs
2026/04/10 15:13:20 "GET http://localhost:8080/api/v1/agents HTTP/1.1" from [::1]:36672 - 200 194B in 401.365µs
2026/04/10 15:13:20 "GET http://localhost:8080/api/v1/stats HTTP/1.1" from [::1]:36680 - 200 179B in 618.741µs
2026/04/10 15:13:25 "GET http://localhost:8080/api/v1/agents HTTP/1.1" from [::1]:36682 - 200 194B in 449.052µs
2026/04/10 15:13:25 "GET http://localhost:8080/api/v1/stats HTTP/1.1" from [::1]:36698 - 200 179B in 555.35µs
2026/04/10 15:13:30 "GET http://localhost:8080/api/v1/agents HTTP/1.1" from [::1]:33304 - 200 194B in 316.238µs
2026/04/10 15:13:30 "GET http://localhost:8080/api/v1/stats HTTP/1.1" from [::1]:33306 - 200 179B in 403.025µs
2026/04/10 15:13:35 "GET http://localhost:8080/api/v1/agents HTTP/1.1" from [::1]:33316 - 200 194B in 363.442µs
2026/04/10 15:13:35 "GET http://localhost:8080/api/v1/stats HTTP/1.1" from [::1]:33324 - 200 179B in 680.577µs
2026/04/10 15:13:40 "GET http://localhost:8080/api/v1/agents HTTP/1.1" from [::1]:51112 - 200 194B in 396.475µs
2026/04/10 15:13:40 "GET http://localhost:8080/api/v1/stats HTTP/1.1" from [::1]:51116 - 200 179B in 582.749µs
2026/04/10 15:14:37 "GET http://localhost:8080/api/v1/agents HTTP/1.1" from [::1]:36110 - 200 194B in 333.903µs
2026/04/10 15:14:37 "GET http://localhost:8080/api/v1/stats HTTP/1.1" from [::1]:36126 - 200 179B in 495.371µs
2026/04/10 15:15:37 "GET http://localhost:8080/api/v1/agents HTTP/1.1" from [::1]:50416 - 200 194B in 270.15µs
2026/04/10 15:15:37 "GET http://localhost:8080/api/v1/stats HTTP/1.1" from [::1]:50428 - 200 179B in 384.629µs
2026/04/10 15:15:53 "GET http://localhost:8080/api/v1/agents HTTP/1.1" from [::1]:57256 - 200 194B in 347.361µs
2026/04/10 15:15:53 "GET http://localhost:8080/api/v1/stats HTTP/1.1" from [::1]:57258 - 200 179B in 594.68µs
2026/04/10 15:15:55 "GET http://localhost:8080/api/v1/agents HTTP/1.1" from [::1]:57260 - 200 194B in 846.735µs
2026/04/10 15:15:55 "GET http://localhost:8080/api/v1/gateways HTTP/1.1" from [::1]:57270 - 200 285B in 311.954µs
2026/04/10 15:15:55 "GET http://localhost:8080/api/v1/stats HTTP/1.1" from [::1]:57278 - 200 179B in 571.832µs
2026/04/10 15:15:55 "GET http://localhost:8080/api/v1/agents HTTP/1.1" from [::1]:57292 - 200 194B in 304.323µs
2026/04/10 15:15:55 "GET http://localhost:8080/api/v1/gateways HTTP/1.1" from [::1]:57298 - 200 285B in 268.785µs
2026/04/10 15:15:55 "GET http://localhost:8080/api/v1/stats HTTP/1.1" from [::1]:57302 - 200 179B in 527.07µs
2026/04/10 15:15:56 "POST http://localhost:8080/api/v1/agents/9eb17651-7503-441f-837f-ddcd2b3f069d/start HTTP/1.1" from [::1]:57304 - 500 53B in 4.04301ms
2026/04/10 15:16:00 "GET http://localhost:8080/api/v1/agents HTTP/1.1" from [::1]:56496 - 200 194B in 362.66µs
2026/04/10 15:16:00 "GET http://localhost:8080/api/v1/stats HTTP/1.1" from [::1]:56498 - 200 179B in 704.304µs
2026/04/10 15:16:05 "GET http://localhost:8080/api/v1/agents HTTP/1.1" from [::1]:56500 - 200 194B in 584.749µs
2026/04/10 15:16:05 "GET http://localhost:8080/api/v1/stats HTTP/1.1" from [::1]:56502 - 200 179B in 656.938µs
2026/04/10 15:16:10 "GET http://localhost:8080/api/v1/agents HTTP/1.1" from [::1]:59888 - 200 194B in 314.618µs
2026/04/10 15:16:10 "GET http://localhost:8080/api/v1/stats HTTP/1.1" from [::1]:59894 - 200 179B in 652.714µs
2026/04/10 15:16:15 "GET http://localhost:8080/api/v1/agents HTTP/1.1" from [::1]:59906 - 200 194B in 325.908µs
2026/04/10 15:16:15 "GET http://localhost:8080/api/v1/stats HTTP/1.1" from [::1]:59922 - 200 179B in 746.399µs
2026/04/10 15:16:20 "GET http://localhost:8080/api/v1/agents HTTP/1.1" from [::1]:53610 - 200 194B in 347.497µs
2026/04/10 15:16:20 "GET http://localhost:8080/api/v1/stats HTTP/1.1" from [::1]:53618 - 200 179B in 650.281µs
2026/04/10 15:16:25 "GET http://localhost:8080/api/v1/agents HTTP/1.1" from [::1]:53626 - 200 194B in 464.119µs
2026/04/10 15:16:25 "GET http://localhost:8080/api/v1/stats HTTP/1.1" from [::1]:53628 - 200 179B in 884.547µs
2026/04/10 15:16:30 "GET http://localhost:8080/api/v1/agents HTTP/1.1" from [::1]:42522 - 200 194B in 383.64µs
2026/04/10 15:16:30 "GET http://localhost:8080/api/v1/stats HTTP/1.1" from [::1]:42536 - 200 179B in 489.554µs
2026/04/10 15:16:35 "GET http://localhost:8080/api/v1/agents HTTP/1.1" from [::1]:42542 - 200 194B in 391.544µs
2026/04/10 15:16:35 "GET http://localhost:8080/api/v1/stats HTTP/1.1" from [::1]:42550 - 200 179B in 681.12µs
2026/04/10 15:16:40 "GET http://localhost:8080/api/v1/agents HTTP/1.1" from [::1]:51898 - 200 194B in 703.891µs
2026/04/10 15:16:40 "GET http://localhost:8080/api/v1/stats HTTP/1.1" from [::1]:51904 - 200 179B in 3.157493ms
2026/04/10 15:16:45 "GET http://localhost:8080/api/v1/agents HTTP/1.1" from [::1]:51910 - 200 194B in 359.576µs
2026/04/10 15:16:45 "GET http://localhost:8080/api/v1/stats HTTP/1.1" from [::1]:51912 - 200 179B in 691.787µs
2026/04/10 15:16:50 "GET http://localhost:8080/api/v1/agents HTTP/1.1" from [::1]:33438 - 200 194B in 352.03µs
2026/04/10 15:16:50 "GET http://localhost:8080/api/v1/stats HTTP/1.1" from [::1]:33452 - 200 179B in 608.075µs
2026/04/10 15:16:55 "GET http://localhost:8080/api/v1/agents HTTP/1.1" from [::1]:33476 - 200 194B in 337.034µs
2026/04/10 15:16:55 "GET http://localhost:8080/api/v1/stats HTTP/1.1" from [::1]:33464 - 200 179B in 731.443µs
2026/04/10 15:17:00 "GET http://localhost:8080/api/v1/agents HTTP/1.1" from [::1]:45752 - 200 194B in 457.225µs
2026/04/10 15:17:00 "GET http://localhost:8080/api/v1/stats HTTP/1.1" from [::1]:45766 - 200 179B in 489.256µs
2026/04/10 15:17:05 "GET http://localhost:8080/api/v1/agents HTTP/1.1" from [::1]:45774 - 200 194B in 303.911µs
2026/04/10 15:17:05 "GET http://localhost:8080/api/v1/stats HTTP/1.1" from [::1]:45786 - 200 179B in 667.801µs
2026/04/10 15:17:10 "GET http://localhost:8080/api/v1/agents HTTP/1.1" from [::1]:32884 - 200 194B in 369.177µs
2026/04/10 15:17:10 "GET http://localhost:8080/api/v1/stats HTTP/1.1" from [::1]:32898 - 200 179B in 628.555µs
2026/04/10 15:17:15 "GET http://localhost:8080/api/v1/agents HTTP/1.1" from [::1]:32914 - 200 194B in 375.401µs
2026/04/10 15:17:15 "GET http://localhost:8080/api/v1/stats HTTP/1.1" from [::1]:32928 - 200 179B in 604.619µs
2026/04/10 15:17:20 "GET http://localhost:8080/api/v1/agents HTTP/1.1" from [::1]:59298 - 200 194B in 421.798µs
2026/04/10 15:17:20 "GET http://localhost:8080/api/v1/stats HTTP/1.1" from [::1]:59310 - 200 179B in 737.153µs
2026/04/10 15:17:25 "GET http://localhost:8080/api/v1/agents HTTP/1.1" from [::1]:59312 - 200 194B in 324.554µs
2026/04/10 15:17:25 "GET http://localhost:8080/api/v1/stats HTTP/1.1" from [::1]:59324 - 200 179B in 621.437µs
2026/04/10 15:17:30 "GET http://localhost:8080/api/v1/agents HTTP/1.1" from [::1]:49442 - 200 194B in 446.096µs
2026/04/10 15:17:30 "GET http://localhost:8080/api/v1/stats HTTP/1.1" from [::1]:49456 - 200 179B in 682.472µs
2026/04/10 15:17:31 "POST http://localhost:8080/api/v1/agents/9eb17651-7503-441f-837f-ddcd2b3f069d/start HTTP/1.1" from [::1]:49458 - 500 53B in 1.621738ms
2026/04/10 15:17:35 "GET http://localhost:8080/api/v1/agents HTTP/1.1" from [::1]:49472 - 200 194B in 286.826µs
2026/04/10 15:17:35 "GET http://localhost:8080/api/v1/stats HTTP/1.1" from [::1]:49486 - 200 179B in 564.666µs
2026/04/10 15:17:40 "GET http://localhost:8080/api/v1/agents HTTP/1.1" from [::1]:39818 - 200 194B in 391.032µs
2026/04/10 15:17:40 "GET http://localhost:8080/api/v1/stats HTTP/1.1" from [::1]:39834 - 200 179B in 758.043µs
2026/04/10 15:17:45 "GET http://localhost:8080/api/v1/agents HTTP/1.1" from [::1]:39852 - 200 194B in 266.214µs
2026/04/10 15:17:45 "GET http://localhost:8080/api/v1/stats HTTP/1.1" from [::1]:39846 - 200 179B in 611.309µs
2026/04/10 15:17:50 "GET http://localhost:8080/api/v1/agents HTTP/1.1" from [::1]:54136 - 200 194B in 350.76µs
2026/04/10 15:17:50 "GET http://localhost:8080/api/v1/stats HTTP/1.1" from [::1]:54146 - 200 179B in 440.425µs
2026/04/10 15:17:55 "GET http://localhost:8080/api/v1/agents HTTP/1.1" from [::1]:54150 - 200 194B in 323.326µs
2026/04/10 15:17:55 "GET http://localhost:8080/api/v1/stats HTTP/1.1" from [::1]:54156 - 200 179B in 613.196µs
2026/04/10 15:18:00 "GET http://localhost:8080/api/v1/agents HTTP/1.1" from [::1]:58130 - 200 194B in 361.574µs
2026/04/10 15:18:00 "GET http://localhost:8080/api/v1/stats HTTP/1.1" from [::1]:58146 - 200 179B in 503.878µs
2026/04/10 15:18:05 "GET http://localhost:8080/api/v1/agents HTTP/1.1" from [::1]:58158 - 200 194B in 326.221µs
2026/04/10 15:18:05 "GET http://localhost:8080/api/v1/stats HTTP/1.1" from [::1]:58172 - 200 179B in 533.327µs
2026/04/10 15:18:10 "GET http://localhost:8080/api/v1/agents HTTP/1.1" from [::1]:50574 - 200 194B in 379.78µs
2026/04/10 15:18:10 "GET http://localhost:8080/api/v1/stats HTTP/1.1" from [::1]:50588 - 200 179B in 585.754µs
2026/04/10 15:18:15 "GET http://localhost:8080/api/v1/agents HTTP/1.1" from [::1]:50602 - 200 194B in 414.192µs
2026/04/10 15:18:15 "GET http://localhost:8080/api/v1/stats HTTP/1.1" from [::1]:50604 - 200 179B in 818.894µs
2026/04/10 15:18:20 "GET http://localhost:8080/api/v1/agents HTTP/1.1" from [::1]:59168 - 200 194B in 253.322µs
2026/04/10 15:18:20 "GET http://localhost:8080/api/v1/stats HTTP/1.1" from [::1]:59174 - 200 179B in 616.046µs
2026/04/10 15:18:25 "GET http://localhost:8080/api/v1/agents HTTP/1.1" from [::1]:59190 - 200 194B in 402.87µs
2026/04/10 15:18:25 "GET http://localhost:8080/api/v1/stats HTTP/1.1" from [::1]:59200 - 200 179B in 763.903µs
2026/04/10 15:18:30 "GET http://localhost:8080/api/v1/agents HTTP/1.1" from [::1]:59646 - 200 194B in 367.819µs
2026/04/10 15:18:30 "GET http://localhost:8080/api/v1/stats HTTP/1.1" from [::1]:59650 - 200 179B in 956.575µs
2026/04/10 15:18:35 "GET http://localhost:8080/api/v1/agents HTTP/1.1" from [::1]:59656 - 200 194B in 388.808µs
2026/04/10 15:18:35 "GET http://localhost:8080/api/v1/stats HTTP/1.1" from [::1]:59670 - 200 179B in 606.746µs
2026/04/10 15:18:40 "GET http://localhost:8080/api/v1/agents HTTP/1.1" from [::1]:35058 - 200 194B in 314.667µs
2026/04/10 15:18:40 "GET http://localhost:8080/api/v1/stats HTTP/1.1" from [::1]:35062 - 200 179B in 785.81µs
2026/04/10 15:19:03 "GET http://localhost:8080/api/v1/agents HTTP/1.1" from [::1]:58868 - 200 194B in 307.166µs
2026/04/10 15:19:03 "GET http://localhost:8080/api/v1/stats HTTP/1.1" from [::1]:58874 - 200 179B in 656.147µs
2026/04/10 15:19:05 "GET http://localhost:8080/api/v1/agents HTTP/1.1" from [::1]:58878 - 200 194B in 368.438µs
2026/04/10 15:19:05 "GET http://localhost:8080/api/v1/stats HTTP/1.1" from [::1]:58880 - 200 179B in 689.548µs
2026/04/10 15:19:10 "GET http://localhost:8080/api/v1/agents HTTP/1.1" from [::1]:59200 - 200 194B in 398.348µs
2026/04/10 15:19:10 "GET http://localhost:8080/api/v1/stats HTTP/1.1" from [::1]:59206 - 200 179B in 644.986µs
2026/04/10 15:19:15 "GET http://localhost:8080/api/v1/agents HTTP/1.1" from [::1]:59218 - 200 194B in 432.823µs
2026/04/10 15:19:15 "GET http://localhost:8080/api/v1/stats HTTP/1.1" from [::1]:59234 - 200 179B in 625.275µs
2026/04/10 15:19:20 "GET http://localhost:8080/api/v1/agents HTTP/1.1" from [::1]:49108 - 200 194B in 282.073µs
2026/04/10 15:19:20 "GET http://localhost:8080/api/v1/stats HTTP/1.1" from [::1]:49118 - 200 179B in 500.857µs
2026/04/10 15:19:25 "GET http://localhost:8080/api/v1/agents HTTP/1.1" from [::1]:49130 - 200 194B in 363.681µs
2026/04/10 15:19:25 "GET http://localhost:8080/api/v1/stats HTTP/1.1" from [::1]:49134 - 200 179B in 583.178µs
2026/04/10 15:19:30 "GET http://localhost:8080/api/v1/agents HTTP/1.1" from [::1]:51602 - 200 194B in 322.313µs
2026/04/10 15:19:30 "GET http://localhost:8080/api/v1/stats HTTP/1.1" from [::1]:51604 - 200 179B in 535.74µs
2026/04/10 15:19:35 "GET http://localhost:8080/api/v1/agents HTTP/1.1" from [::1]:51606 - 200 194B in 339.431µs
2026/04/10 15:19:35 "GET http://localhost:8080/api/v1/stats HTTP/1.1" from [::1]:51616 - 200 179B in 661.392µs
2026/04/10 15:19:40 "GET http://localhost:8080/api/v1/agents HTTP/1.1" from [::1]:56432 - 200 194B in 469.481µs
2026/04/10 15:19:40 "GET http://localhost:8080/api/v1/stats HTTP/1.1" from [::1]:56448 - 200 179B in 973.407µs
2026/04/10 15:19:45 "GET http://localhost:8080/api/v1/agents HTTP/1.1" from [::1]:56452 - 200 194B in 344.359µs
2026/04/10 15:19:45 "GET http://localhost:8080/api/v1/stats HTTP/1.1" from [::1]:56454 - 200 179B in 517.332µs
2026/04/10 15:19:50 "GET http://localhost:8080/api/v1/agents HTTP/1.1" from [::1]:38012 - 200 194B in 325.74µs
2026/04/10 15:19:50 "GET http://localhost:8080/api/v1/stats HTTP/1.1" from [::1]:38014 - 200 179B in 673.165µs
2026/04/10 15:19:55 "GET http://localhost:8080/api/v1/agents HTTP/1.1" from [::1]:38028 - 200 194B in 357.504µs
2026/04/10 15:19:55 "GET http://localhost:8080/api/v1/stats HTTP/1.1" from [::1]:38038 - 200 179B in 614.174µs
2026/04/10 15:20:00 "GET http://localhost:8080/api/v1/agents HTTP/1.1" from [::1]:33368 - 200 194B in 368.508µs
2026/04/10 15:20:00 "GET http://localhost:8080/api/v1/stats HTTP/1.1" from [::1]:33370 - 200 179B in 596.019µs
2026/04/10 15:20:37 "GET http://localhost:8080/api/v1/agents HTTP/1.1" from [::1]:46478 - 200 194B in 269.449µs
2026/04/10 15:20:37 "GET http://localhost:8080/api/v1/stats HTTP/1.1" from [::1]:46494 - 200 179B in 407.169µs
